{"/home/ana/Desktop/INGSII/Sistema-de-recuperacion-de-mascotas-perdidas-en-Oro-Verde/server/src/index.js": {"path":"/home/ana/Desktop/INGSII/Sistema-de-recuperacion-de-mascotas-perdidas-en-Oro-Verde/server/src/index.js","statementMap":{"0":{"start":{"line":1,"column":16},"end":{"line":1,"column":34}},"1":{"start":{"line":2,"column":13},"end":{"line":2,"column":28}},"2":{"start":{"line":3,"column":0},"end":{"line":3,"column":27}},"3":{"start":{"line":4,"column":23},"end":{"line":4,"column":51}},"4":{"start":{"line":6,"column":12},"end":{"line":6,"column":21}},"5":{"start":{"line":9,"column":0},"end":{"line":9,"column":13}},"6":{"start":{"line":12,"column":0},"end":{"line":12,"column":16}},"7":{"start":{"line":13,"column":0},"end":{"line":13,"column":24}},"8":{"start":{"line":14,"column":0},"end":{"line":14,"column":48}},"9":{"start":{"line":17,"column":0},"end":{"line":22,"column":3}},"10":{"start":{"line":18,"column":2},"end":{"line":21,"column":5}},"11":{"start":{"line":25,"column":19},"end":{"line":25,"column":50}},"12":{"start":{"line":26,"column":0},"end":{"line":26,"column":33}},"13":{"start":{"line":29,"column":22},"end":{"line":29,"column":56}},"14":{"start":{"line":30,"column":0},"end":{"line":30,"column":40}},"15":{"start":{"line":33,"column":22},"end":{"line":33,"column":56}},"16":{"start":{"line":34,"column":0},"end":{"line":34,"column":40}},"17":{"start":{"line":37,"column":30},"end":{"line":37,"column":72}},"18":{"start":{"line":38,"column":0},"end":{"line":38,"column":55}},"19":{"start":{"line":40,"column":13},"end":{"line":40,"column":37}},"20":{"start":{"line":43,"column":0},"end":{"line":47,"column":1}},"21":{"start":{"line":44,"column":2},"end":{"line":46,"column":5}},"22":{"start":{"line":45,"column":4},"end":{"line":45,"column":56}},"23":{"start":{"line":49,"column":0},"end":{"line":49,"column":21}}},"fnMap":{"0":{"name":"(anonymous_0)","decl":{"start":{"line":17,"column":13},"end":{"line":17,"column":14}},"loc":{"start":{"line":17,"column":27},"end":{"line":22,"column":1}},"line":17},"1":{"name":"(anonymous_1)","decl":{"start":{"line":44,"column":19},"end":{"line":44,"column":20}},"loc":{"start":{"line":44,"column":25},"end":{"line":46,"column":3}},"line":44}},"branchMap":{"0":{"loc":{"start":{"line":40,"column":13},"end":{"line":40,"column":37}},"type":"binary-expr","locations":[{"start":{"line":40,"column":13},"end":{"line":40,"column":29}},{"start":{"line":40,"column":33},"end":{"line":40,"column":37}}],"line":40},"1":{"loc":{"start":{"line":43,"column":0},"end":{"line":47,"column":1}},"type":"if","locations":[{"start":{"line":43,"column":0},"end":{"line":47,"column":1}},{"start":{},"end":{}}],"line":43}},"s":{"0":1,"1":1,"2":1,"3":1,"4":1,"5":1,"6":1,"7":1,"8":1,"9":1,"10":0,"11":1,"12":1,"13":1,"14":1,"15":1,"16":1,"17":1,"18":1,"19":1,"20":1,"21":0,"22":0,"23":1},"f":{"0":0,"1":0},"b":{"0":[1,0],"1":[0,1]},"_coverageSchema":"1a1c01bbd47fc00a2c39e90264f33305004495a9","hash":"60a56326d52f15bf906bbffd24e72c05ade15180"}
,"/home/ana/Desktop/INGSII/Sistema-de-recuperacion-de-mascotas-perdidas-en-Oro-Verde/server/src/config/database.js": {"path":"/home/ana/Desktop/INGSII/Sistema-de-recuperacion-de-mascotas-perdidas-en-Oro-Verde/server/src/config/database.js","statementMap":{"0":{"start":{"line":1,"column":22},"end":{"line":1,"column":42}},"1":{"start":{"line":3,"column":18},"end":{"line":25,"column":1}},"2":{"start":{"line":27,"column":19},"end":{"line":41,"column":1}},"3":{"start":{"line":28,"column":2},"end":{"line":40,"column":3}},"4":{"start":{"line":29,"column":4},"end":{"line":29,"column":35}},"5":{"start":{"line":30,"column":4},"end":{"line":30,"column":69}},"6":{"start":{"line":33,"column":4},"end":{"line":36,"column":5}},"7":{"start":{"line":34,"column":6},"end":{"line":34,"column":44}},"8":{"start":{"line":35,"column":6},"end":{"line":35,"column":64}},"9":{"start":{"line":38,"column":4},"end":{"line":38,"column":68}},"10":{"start":{"line":39,"column":4},"end":{"line":39,"column":20}},"11":{"start":{"line":43,"column":0},"end":{"line":43,"column":43}}},"fnMap":{"0":{"name":"(anonymous_0)","decl":{"start":{"line":27,"column":19},"end":{"line":27,"column":20}},"loc":{"start":{"line":27,"column":31},"end":{"line":41,"column":1}},"line":27}},"branchMap":{"0":{"loc":{"start":{"line":4,"column":2},"end":{"line":4,"column":44}},"type":"binary-expr","locations":[{"start":{"line":4,"column":2},"end":{"line":4,"column":21}},{"start":{"line":4,"column":25},"end":{"line":4,"column":44}}],"line":4},"1":{"loc":{"start":{"line":5,"column":2},"end":{"line":5,"column":35}},"type":"binary-expr","locations":[{"start":{"line":5,"column":2},"end":{"line":5,"column":21}},{"start":{"line":5,"column":25},"end":{"line":5,"column":35}}],"line":5},"2":{"loc":{"start":{"line":6,"column":2},"end":{"line":6,"column":39}},"type":"binary-expr","locations":[{"start":{"line":6,"column":2},"end":{"line":6,"column":25}},{"start":{"line":6,"column":29},"end":{"line":6,"column":39}}],"line":6},"3":{"loc":{"start":{"line":8,"column":10},"end":{"line":8,"column":44}},"type":"binary-expr","locations":[{"start":{"line":8,"column":10},"end":{"line":8,"column":29}},{"start":{"line":8,"column":33},"end":{"line":8,"column":44}}],"line":8},"4":{"loc":{"start":{"line":9,"column":10},"end":{"line":9,"column":37}},"type":"binary-expr","locations":[{"start":{"line":9,"column":10},"end":{"line":9,"column":29}},{"start":{"line":9,"column":33},"end":{"line":9,"column":37}}],"line":9},"5":{"loc":{"start":{"line":11,"column":13},"end":{"line":11,"column":73}},"type":"cond-expr","locations":[{"start":{"line":11,"column":54},"end":{"line":11,"column":65}},{"start":{"line":11,"column":68},"end":{"line":11,"column":73}}],"line":11},"6":{"loc":{"start":{"line":33,"column":4},"end":{"line":36,"column":5}},"type":"if","locations":[{"start":{"line":33,"column":4},"end":{"line":36,"column":5}},{"start":{},"end":{}}],"line":33}},"s":{"0":1,"1":1,"2":1,"3":1,"4":1,"5":1,"6":1,"7":0,"8":0,"9":0,"10":0,"11":1},"f":{"0":1},"b":{"0":[1,0],"1":[1,0],"2":[1,0],"3":[1,0],"4":[1,0],"5":[0,1],"6":[0,1]},"_coverageSchema":"1a1c01bbd47fc00a2c39e90264f33305004495a9","hash":"27193ac7034b8965a9cbb6715ba1f7f62ac630e4"}
,"/home/ana/Desktop/INGSII/Sistema-de-recuperacion-de-mascotas-perdidas-en-Oro-Verde/server/src/controllers/auth.controller.js": {"path":"/home/ana/Desktop/INGSII/Sistema-de-recuperacion-de-mascotas-perdidas-en-Oro-Verde/server/src/controllers/auth.controller.js","statementMap":{"0":{"start":{"line":1,"column":12},"end":{"line":1,"column":35}},"1":{"start":{"line":2,"column":13},"end":{"line":2,"column":38}},"2":{"start":{"line":5,"column":21},"end":{"line":9,"column":1}},"3":{"start":{"line":6,"column":2},"end":{"line":8,"column":5}},"4":{"start":{"line":14,"column":0},"end":{"line":73,"column":2}},"5":{"start":{"line":15,"column":2},"end":{"line":72,"column":3}},"6":{"start":{"line":16,"column":75},"end":{"line":16,"column":83}},"7":{"start":{"line":19,"column":4},"end":{"line":24,"column":5}},"8":{"start":{"line":20,"column":6},"end":{"line":23,"column":9}},"9":{"start":{"line":27,"column":29},"end":{"line":27,"column":69}},"10":{"start":{"line":28,"column":4},"end":{"line":33,"column":5}},"11":{"start":{"line":29,"column":6},"end":{"line":32,"column":9}},"12":{"start":{"line":36,"column":20},"end":{"line":44,"column":6}},"13":{"start":{"line":47,"column":18},"end":{"line":47,"column":42}},"14":{"start":{"line":49,"column":4},"end":{"line":64,"column":7}},"15":{"start":{"line":66,"column":4},"end":{"line":66,"column":47}},"16":{"start":{"line":67,"column":4},"end":{"line":71,"column":7}},"17":{"start":{"line":78,"column":0},"end":{"line":145,"column":2}},"18":{"start":{"line":79,"column":2},"end":{"line":144,"column":3}},"19":{"start":{"line":80,"column":32},"end":{"line":80,"column":40}},"20":{"start":{"line":83,"column":4},"end":{"line":88,"column":5}},"21":{"start":{"line":84,"column":6},"end":{"line":87,"column":9}},"22":{"start":{"line":91,"column":20},"end":{"line":91,"column":60}},"23":{"start":{"line":93,"column":4},"end":{"line":98,"column":5}},"24":{"start":{"line":94,"column":6},"end":{"line":97,"column":9}},"25":{"start":{"line":101,"column":29},"end":{"line":101,"column":69}},"26":{"start":{"line":103,"column":4},"end":{"line":108,"column":5}},"27":{"start":{"line":104,"column":6},"end":{"line":107,"column":9}},"28":{"start":{"line":111,"column":4},"end":{"line":116,"column":5}},"29":{"start":{"line":112,"column":6},"end":{"line":115,"column":9}},"30":{"start":{"line":119,"column":18},"end":{"line":119,"column":42}},"31":{"start":{"line":121,"column":4},"end":{"line":136,"column":7}},"32":{"start":{"line":138,"column":4},"end":{"line":138,"column":44}},"33":{"start":{"line":139,"column":4},"end":{"line":143,"column":7}},"34":{"start":{"line":150,"column":0},"end":{"line":166,"column":2}},"35":{"start":{"line":151,"column":2},"end":{"line":165,"column":3}},"36":{"start":{"line":152,"column":20},"end":{"line":152,"column":55}},"37":{"start":{"line":154,"column":4},"end":{"line":157,"column":7}},"38":{"start":{"line":159,"column":4},"end":{"line":159,"column":54}},"39":{"start":{"line":160,"column":4},"end":{"line":164,"column":7}},"40":{"start":{"line":171,"column":0},"end":{"line":207,"column":2}},"41":{"start":{"line":172,"column":2},"end":{"line":206,"column":3}},"42":{"start":{"line":173,"column":81},"end":{"line":173,"column":89}},"43":{"start":{"line":175,"column":32},"end":{"line":175,"column":34}},"44":{"start":{"line":176,"column":4},"end":{"line":176,"column":52}},"45":{"start":{"line":176,"column":16},"end":{"line":176,"column":52}},"46":{"start":{"line":177,"column":4},"end":{"line":177,"column":58}},"47":{"start":{"line":177,"column":18},"end":{"line":177,"column":58}},"48":{"start":{"line":178,"column":4},"end":{"line":178,"column":55}},"49":{"start":{"line":178,"column":17},"end":{"line":178,"column":55}},"50":{"start":{"line":179,"column":4},"end":{"line":179,"column":75}},"51":{"start":{"line":179,"column":33},"end":{"line":179,"column":75}},"52":{"start":{"line":180,"column":4},"end":{"line":182,"column":5}},"53":{"start":{"line":181,"column":6},"end":{"line":181,"column":82}},"54":{"start":{"line":184,"column":4},"end":{"line":190,"column":6}},"55":{"start":{"line":192,"column":20},"end":{"line":192,"column":55}},"56":{"start":{"line":194,"column":4},"end":{"line":198,"column":7}},"57":{"start":{"line":200,"column":4},"end":{"line":200,"column":55}},"58":{"start":{"line":201,"column":4},"end":{"line":205,"column":7}}},"fnMap":{"0":{"name":"(anonymous_0)","decl":{"start":{"line":5,"column":21},"end":{"line":5,"column":22}},"loc":{"start":{"line":5,"column":29},"end":{"line":9,"column":1}},"line":5},"1":{"name":"(anonymous_1)","decl":{"start":{"line":14,"column":27},"end":{"line":14,"column":28}},"loc":{"start":{"line":14,"column":47},"end":{"line":73,"column":1}},"line":14},"2":{"name":"(anonymous_2)","decl":{"start":{"line":78,"column":24},"end":{"line":78,"column":25}},"loc":{"start":{"line":78,"column":44},"end":{"line":145,"column":1}},"line":78},"3":{"name":"(anonymous_3)","decl":{"start":{"line":150,"column":31},"end":{"line":150,"column":32}},"loc":{"start":{"line":150,"column":51},"end":{"line":166,"column":1}},"line":150},"4":{"name":"(anonymous_4)","decl":{"start":{"line":171,"column":26},"end":{"line":171,"column":27}},"loc":{"start":{"line":171,"column":46},"end":{"line":207,"column":1}},"line":171}},"branchMap":{"0":{"loc":{"start":{"line":6,"column":26},"end":{"line":6,"column":69}},"type":"binary-expr","locations":[{"start":{"line":6,"column":26},"end":{"line":6,"column":48}},{"start":{"line":6,"column":52},"end":{"line":6,"column":69}}],"line":6},"1":{"loc":{"start":{"line":7,"column":15},"end":{"line":7,"column":46}},"type":"binary-expr","locations":[{"start":{"line":7,"column":15},"end":{"line":7,"column":37}},{"start":{"line":7,"column":41},"end":{"line":7,"column":46}}],"line":7},"2":{"loc":{"start":{"line":19,"column":4},"end":{"line":24,"column":5}},"type":"if","locations":[{"start":{"line":19,"column":4},"end":{"line":24,"column":5}},{"start":{},"end":{}}],"line":19},"3":{"loc":{"start":{"line":19,"column":8},"end":{"line":19,"column":63}},"type":"binary-expr","locations":[{"start":{"line":19,"column":8},"end":{"line":19,"column":15}},{"start":{"line":19,"column":19},"end":{"line":19,"column":28}},{"start":{"line":19,"column":32},"end":{"line":19,"column":38}},{"start":{"line":19,"column":42},"end":{"line":19,"column":51}},{"start":{"line":19,"column":55},"end":{"line":19,"column":63}}],"line":19},"4":{"loc":{"start":{"line":28,"column":4},"end":{"line":33,"column":5}},"type":"if","locations":[{"start":{"line":28,"column":4},"end":{"line":33,"column":5}},{"start":{},"end":{}}],"line":28},"5":{"loc":{"start":{"line":43,"column":11},"end":{"line":43,"column":26}},"type":"binary-expr","locations":[{"start":{"line":43,"column":11},"end":{"line":43,"column":14}},{"start":{"line":43,"column":18},"end":{"line":43,"column":26}}],"line":43},"6":{"loc":{"start":{"line":83,"column":4},"end":{"line":88,"column":5}},"type":"if","locations":[{"start":{"line":83,"column":4},"end":{"line":88,"column":5}},{"start":{},"end":{}}],"line":83},"7":{"loc":{"start":{"line":83,"column":8},"end":{"line":83,"column":27}},"type":"binary-expr","locations":[{"start":{"line":83,"column":8},"end":{"line":83,"column":14}},{"start":{"line":83,"column":18},"end":{"line":83,"column":27}}],"line":83},"8":{"loc":{"start":{"line":93,"column":4},"end":{"line":98,"column":5}},"type":"if","locations":[{"start":{"line":93,"column":4},"end":{"line":98,"column":5}},{"start":{},"end":{}}],"line":93},"9":{"loc":{"start":{"line":103,"column":4},"end":{"line":108,"column":5}},"type":"if","locations":[{"start":{"line":103,"column":4},"end":{"line":108,"column":5}},{"start":{},"end":{}}],"line":103},"10":{"loc":{"start":{"line":111,"column":4},"end":{"line":116,"column":5}},"type":"if","locations":[{"start":{"line":111,"column":4},"end":{"line":116,"column":5}},{"start":{},"end":{}}],"line":111},"11":{"loc":{"start":{"line":176,"column":4},"end":{"line":176,"column":52}},"type":"if","locations":[{"start":{"line":176,"column":4},"end":{"line":176,"column":52}},{"start":{},"end":{}}],"line":176},"12":{"loc":{"start":{"line":177,"column":4},"end":{"line":177,"column":58}},"type":"if","locations":[{"start":{"line":177,"column":4},"end":{"line":177,"column":58}},{"start":{},"end":{}}],"line":177},"13":{"loc":{"start":{"line":178,"column":4},"end":{"line":178,"column":55}},"type":"if","locations":[{"start":{"line":178,"column":4},"end":{"line":178,"column":55}},{"start":{},"end":{}}],"line":178},"14":{"loc":{"start":{"line":179,"column":4},"end":{"line":179,"column":75}},"type":"if","locations":[{"start":{"line":179,"column":4},"end":{"line":179,"column":75}},{"start":{},"end":{}}],"line":179},"15":{"loc":{"start":{"line":180,"column":4},"end":{"line":182,"column":5}},"type":"if","locations":[{"start":{"line":180,"column":4},"end":{"line":182,"column":5}},{"start":{},"end":{}}],"line":180}},"s":{"0":1,"1":1,"2":1,"3":1,"4":1,"5":0,"6":0,"7":0,"8":0,"9":0,"10":0,"11":0,"12":0,"13":0,"14":0,"15":0,"16":0,"17":1,"18":1,"19":1,"20":1,"21":0,"22":1,"23":1,"24":0,"25":1,"26":1,"27":0,"28":1,"29":0,"30":1,"31":1,"32":0,"33":0,"34":1,"35":0,"36":0,"37":0,"38":0,"39":0,"40":1,"41":0,"42":0,"43":0,"44":0,"45":0,"46":0,"47":0,"48":0,"49":0,"50":0,"51":0,"52":0,"53":0,"54":0,"55":0,"56":0,"57":0,"58":0},"f":{"0":1,"1":0,"2":1,"3":0,"4":0},"b":{"0":[1,0],"1":[1,0],"2":[0,0],"3":[0,0,0,0,0],"4":[0,0],"5":[0,0],"6":[0,1],"7":[1,1],"8":[0,1],"9":[0,1],"10":[0,1],"11":[0,0],"12":[0,0],"13":[0,0],"14":[0,0],"15":[0,0]},"_coverageSchema":"1a1c01bbd47fc00a2c39e90264f33305004495a9","hash":"f0a13202fb628464f3316ddf1197b5d7369caf92"}
,"/home/ana/Desktop/INGSII/Sistema-de-recuperacion-de-mascotas-perdidas-en-Oro-Verde/server/src/controllers/geolocalizacion.controller.js": {"path":"/home/ana/Desktop/INGSII/Sistema-de-recuperacion-de-mascotas-perdidas-en-Oro-Verde/server/src/controllers/geolocalizacion.controller.js","statementMap":{"0":{"start":{"line":1,"column":31},"end":{"line":1,"column":77}},"1":{"start":{"line":2,"column":47},"end":{"line":2,"column":67}},"2":{"start":{"line":7,"column":0},"end":{"line":52,"column":2}},"3":{"start":{"line":8,"column":2},"end":{"line":51,"column":3}},"4":{"start":{"line":9,"column":34},"end":{"line":9,"column":42}},"5":{"start":{"line":12,"column":4},"end":{"line":17,"column":5}},"6":{"start":{"line":13,"column":6},"end":{"line":16,"column":9}},"7":{"start":{"line":19,"column":4},"end":{"line":24,"column":5}},"8":{"start":{"line":20,"column":6},"end":{"line":23,"column":9}},"9":{"start":{"line":26,"column":4},"end":{"line":31,"column":5}},"10":{"start":{"line":27,"column":6},"end":{"line":30,"column":9}},"11":{"start":{"line":34,"column":22},"end":{"line":37,"column":5}},"12":{"start":{"line":39,"column":4},"end":{"line":43,"column":7}},"13":{"start":{"line":45,"column":4},"end":{"line":45,"column":58}},"14":{"start":{"line":46,"column":4},"end":{"line":50,"column":7}},"15":{"start":{"line":57,"column":0},"end":{"line":107,"column":2}},"16":{"start":{"line":58,"column":2},"end":{"line":106,"column":3}},"17":{"start":{"line":59,"column":28},"end":{"line":59,"column":38}},"18":{"start":{"line":61,"column":22},"end":{"line":61,"column":59}},"19":{"start":{"line":63,"column":4},"end":{"line":68,"column":5}},"20":{"start":{"line":64,"column":6},"end":{"line":67,"column":9}},"21":{"start":{"line":71,"column":28},"end":{"line":71,"column":54}},"22":{"start":{"line":73,"column":4},"end":{"line":87,"column":5}},"23":{"start":{"line":74,"column":24},"end":{"line":77,"column":7}},"24":{"start":{"line":79,"column":6},"end":{"line":86,"column":7}},"25":{"start":{"line":80,"column":8},"end":{"line":80,"column":56}},"26":{"start":{"line":83,"column":8},"end":{"line":85,"column":11}},"27":{"start":{"line":89,"column":4},"end":{"line":98,"column":7}},"28":{"start":{"line":100,"column":4},"end":{"line":100,"column":56}},"29":{"start":{"line":101,"column":4},"end":{"line":105,"column":7}},"30":{"start":{"line":112,"column":0},"end":{"line":138,"column":2}},"31":{"start":{"line":113,"column":2},"end":{"line":137,"column":3}},"32":{"start":{"line":114,"column":26},"end":{"line":114,"column":34}},"33":{"start":{"line":116,"column":4},"end":{"line":121,"column":5}},"34":{"start":{"line":117,"column":6},"end":{"line":120,"column":9}},"35":{"start":{"line":123,"column":22},"end":{"line":123,"column":92}},"36":{"start":{"line":125,"column":4},"end":{"line":129,"column":7}},"37":{"start":{"line":131,"column":4},"end":{"line":131,"column":51}},"38":{"start":{"line":132,"column":4},"end":{"line":136,"column":7}},"39":{"start":{"line":143,"column":0},"end":{"line":176,"column":2}},"40":{"start":{"line":144,"column":2},"end":{"line":175,"column":3}},"41":{"start":{"line":145,"column":39},"end":{"line":145,"column":47}},"42":{"start":{"line":147,"column":4},"end":{"line":152,"column":5}},"43":{"start":{"line":148,"column":6},"end":{"line":151,"column":9}},"44":{"start":{"line":154,"column":22},"end":{"line":159,"column":5}},"45":{"start":{"line":161,"column":4},"end":{"line":167,"column":7}},"46":{"start":{"line":169,"column":4},"end":{"line":169,"column":57}},"47":{"start":{"line":170,"column":4},"end":{"line":174,"column":7}},"48":{"start":{"line":181,"column":0},"end":{"line":270,"column":2}},"49":{"start":{"line":182,"column":2},"end":{"line":269,"column":3}},"50":{"start":{"line":183,"column":47},"end":{"line":183,"column":55}},"51":{"start":{"line":185,"column":4},"end":{"line":190,"column":5}},"52":{"start":{"line":186,"column":6},"end":{"line":189,"column":9}},"53":{"start":{"line":193,"column":28},"end":{"line":207,"column":6}},"54":{"start":{"line":210,"column":29},"end":{"line":226,"column":60}},"55":{"start":{"line":212,"column":26},"end":{"line":217,"column":9}},"56":{"start":{"line":219,"column":8},"end":{"line":223,"column":10}},"57":{"start":{"line":225,"column":22},"end":{"line":225,"column":62}},"58":{"start":{"line":226,"column":22},"end":{"line":226,"column":59}},"59":{"start":{"line":228,"column":4},"end":{"line":261,"column":7}},"60":{"start":{"line":237,"column":48},"end":{"line":259,"column":9}},"61":{"start":{"line":263,"column":4},"end":{"line":263,"column":63}},"62":{"start":{"line":264,"column":4},"end":{"line":268,"column":7}},"63":{"start":{"line":275,"column":0},"end":{"line":291,"column":2}},"64":{"start":{"line":276,"column":2},"end":{"line":290,"column":3}},"65":{"start":{"line":277,"column":19},"end":{"line":277,"column":73}},"66":{"start":{"line":279,"column":4},"end":{"line":282,"column":7}},"67":{"start":{"line":284,"column":4},"end":{"line":284,"column":55}},"68":{"start":{"line":285,"column":4},"end":{"line":289,"column":7}},"69":{"start":{"line":293,"column":0},"end":{"line":293,"column":25}}},"fnMap":{"0":{"name":"(anonymous_0)","decl":{"start":{"line":7,"column":29},"end":{"line":7,"column":30}},"loc":{"start":{"line":7,"column":49},"end":{"line":52,"column":1}},"line":7},"1":{"name":"(anonymous_1)","decl":{"start":{"line":57,"column":38},"end":{"line":57,"column":39}},"loc":{"start":{"line":57,"column":58},"end":{"line":107,"column":1}},"line":57},"2":{"name":"(anonymous_2)","decl":{"start":{"line":112,"column":32},"end":{"line":112,"column":33}},"loc":{"start":{"line":112,"column":52},"end":{"line":138,"column":1}},"line":112},"3":{"name":"(anonymous_3)","decl":{"start":{"line":143,"column":28},"end":{"line":143,"column":29}},"loc":{"start":{"line":143,"column":48},"end":{"line":176,"column":1}},"line":143},"4":{"name":"(anonymous_4)","decl":{"start":{"line":181,"column":33},"end":{"line":181,"column":34}},"loc":{"start":{"line":181,"column":53},"end":{"line":270,"column":1}},"line":181},"5":{"name":"(anonymous_5)","decl":{"start":{"line":211,"column":11},"end":{"line":211,"column":12}},"loc":{"start":{"line":211,"column":22},"end":{"line":224,"column":7}},"line":211},"6":{"name":"(anonymous_6)","decl":{"start":{"line":225,"column":14},"end":{"line":225,"column":15}},"loc":{"start":{"line":225,"column":22},"end":{"line":225,"column":62}},"line":225},"7":{"name":"(anonymous_7)","decl":{"start":{"line":226,"column":12},"end":{"line":226,"column":13}},"loc":{"start":{"line":226,"column":22},"end":{"line":226,"column":59}},"line":226},"8":{"name":"(anonymous_8)","decl":{"start":{"line":237,"column":39},"end":{"line":237,"column":40}},"loc":{"start":{"line":237,"column":48},"end":{"line":259,"column":9}},"line":237},"9":{"name":"(anonymous_9)","decl":{"start":{"line":275,"column":26},"end":{"line":275,"column":27}},"loc":{"start":{"line":275,"column":46},"end":{"line":291,"column":1}},"line":275}},"branchMap":{"0":{"loc":{"start":{"line":12,"column":4},"end":{"line":17,"column":5}},"type":"if","locations":[{"start":{"line":12,"column":4},"end":{"line":17,"column":5}},{"start":{},"end":{}}],"line":12},"1":{"loc":{"start":{"line":12,"column":8},"end":{"line":12,"column":29}},"type":"binary-expr","locations":[{"start":{"line":12,"column":8},"end":{"line":12,"column":16}},{"start":{"line":12,"column":20},"end":{"line":12,"column":29}}],"line":12},"2":{"loc":{"start":{"line":19,"column":4},"end":{"line":24,"column":5}},"type":"if","locations":[{"start":{"line":19,"column":4},"end":{"line":24,"column":5}},{"start":{},"end":{}}],"line":19},"3":{"loc":{"start":{"line":19,"column":8},"end":{"line":19,"column":37}},"type":"binary-expr","locations":[{"start":{"line":19,"column":8},"end":{"line":19,"column":21}},{"start":{"line":19,"column":25},"end":{"line":19,"column":37}}],"line":19},"4":{"loc":{"start":{"line":26,"column":4},"end":{"line":31,"column":5}},"type":"if","locations":[{"start":{"line":26,"column":4},"end":{"line":31,"column":5}},{"start":{},"end":{}}],"line":26},"5":{"loc":{"start":{"line":26,"column":8},"end":{"line":26,"column":41}},"type":"binary-expr","locations":[{"start":{"line":26,"column":8},"end":{"line":26,"column":23}},{"start":{"line":26,"column":27},"end":{"line":26,"column":41}}],"line":26},"6":{"loc":{"start":{"line":63,"column":4},"end":{"line":68,"column":5}},"type":"if","locations":[{"start":{"line":63,"column":4},"end":{"line":68,"column":5}},{"start":{},"end":{}}],"line":63},"7":{"loc":{"start":{"line":73,"column":4},"end":{"line":87,"column":5}},"type":"if","locations":[{"start":{"line":73,"column":4},"end":{"line":87,"column":5}},{"start":{},"end":{}}],"line":73},"8":{"loc":{"start":{"line":73,"column":8},"end":{"line":73,"column":64}},"type":"binary-expr","locations":[{"start":{"line":73,"column":8},"end":{"line":73,"column":26}},{"start":{"line":73,"column":30},"end":{"line":73,"column":64}}],"line":73},"9":{"loc":{"start":{"line":79,"column":6},"end":{"line":86,"column":7}},"type":"if","locations":[{"start":{"line":79,"column":6},"end":{"line":86,"column":7}},{"start":{},"end":{}}],"line":79},"10":{"loc":{"start":{"line":116,"column":4},"end":{"line":121,"column":5}},"type":"if","locations":[{"start":{"line":116,"column":4},"end":{"line":121,"column":5}},{"start":{},"end":{}}],"line":116},"11":{"loc":{"start":{"line":127,"column":15},"end":{"line":127,"column":114}},"type":"cond-expr","locations":[{"start":{"line":127,"column":35},"end":{"line":127,"column":73}},{"start":{"line":127,"column":76},"end":{"line":127,"column":114}}],"line":127},"12":{"loc":{"start":{"line":147,"column":4},"end":{"line":152,"column":5}},"type":"if","locations":[{"start":{"line":147,"column":4},"end":{"line":152,"column":5}},{"start":{},"end":{}}],"line":147},"13":{"loc":{"start":{"line":147,"column":8},"end":{"line":147,"column":40}},"type":"binary-expr","locations":[{"start":{"line":147,"column":8},"end":{"line":147,"column":13}},{"start":{"line":147,"column":17},"end":{"line":147,"column":22}},{"start":{"line":147,"column":26},"end":{"line":147,"column":31}},{"start":{"line":147,"column":35},"end":{"line":147,"column":40}}],"line":147},"14":{"loc":{"start":{"line":183,"column":31},"end":{"line":183,"column":42}},"type":"default-arg","locations":[{"start":{"line":183,"column":41},"end":{"line":183,"column":42}}],"line":183},"15":{"loc":{"start":{"line":185,"column":4},"end":{"line":190,"column":5}},"type":"if","locations":[{"start":{"line":185,"column":4},"end":{"line":190,"column":5}},{"start":{},"end":{}}],"line":185},"16":{"loc":{"start":{"line":185,"column":8},"end":{"line":185,"column":29}},"type":"binary-expr","locations":[{"start":{"line":185,"column":8},"end":{"line":185,"column":16}},{"start":{"line":185,"column":20},"end":{"line":185,"column":29}}],"line":185}},"s":{"0":1,"1":1,"2":1,"3":0,"4":0,"5":0,"6":0,"7":0,"8":0,"9":0,"10":0,"11":0,"12":0,"13":0,"14":0,"15":1,"16":0,"17":0,"18":0,"19":0,"20":0,"21":0,"22":0,"23":0,"24":0,"25":0,"26":0,"27":0,"28":0,"29":0,"30":1,"31":0,"32":0,"33":0,"34":0,"35":0,"36":0,"37":0,"38":0,"39":1,"40":0,"41":0,"42":0,"43":0,"44":0,"45":0,"46":0,"47":0,"48":1,"49":0,"50":0,"51":0,"52":0,"53":0,"54":0,"55":0,"56":0,"57":0,"58":0,"59":0,"60":0,"61":0,"62":0,"63":1,"64":0,"65":0,"66":0,"67":0,"68":0,"69":1},"f":{"0":0,"1":0,"2":0,"3":0,"4":0,"5":0,"6":0,"7":0,"8":0,"9":0},"b":{"0":[0,0],"1":[0,0],"2":[0,0],"3":[0,0],"4":[0,0],"5":[0,0],"6":[0,0],"7":[0,0],"8":[0,0],"9":[0,0],"10":[0,0],"11":[0,0],"12":[0,0],"13":[0,0,0,0],"14":[0],"15":[0,0],"16":[0,0]},"_coverageSchema":"1a1c01bbd47fc00a2c39e90264f33305004495a9","hash":"10eb8ca478e244fb6431dd09b13cd914219104c9"}
,"/home/ana/Desktop/INGSII/Sistema-de-recuperacion-de-mascotas-perdidas-en-Oro-Verde/server/src/controllers/mascota.controller.js": {"path":"/home/ana/Desktop/INGSII/Sistema-de-recuperacion-de-mascotas-perdidas-en-Oro-Verde/server/src/controllers/mascota.controller.js","statementMap":{"0":{"start":{"line":1,"column":41},"end":{"line":1,"column":61}},"1":{"start":{"line":6,"column":0},"end":{"line":62,"column":2}},"2":{"start":{"line":7,"column":2},"end":{"line":61,"column":3}},"3":{"start":{"line":8,"column":85},"end":{"line":8,"column":93}},"4":{"start":{"line":11,"column":4},"end":{"line":16,"column":5}},"5":{"start":{"line":12,"column":6},"end":{"line":15,"column":9}},"6":{"start":{"line":19,"column":4},"end":{"line":27,"column":5}},"7":{"start":{"line":20,"column":31},"end":{"line":20,"column":73}},"8":{"start":{"line":21,"column":6},"end":{"line":26,"column":7}},"9":{"start":{"line":22,"column":8},"end":{"line":25,"column":11}},"10":{"start":{"line":30,"column":20},"end":{"line":40,"column":6}},"11":{"start":{"line":43,"column":4},"end":{"line":47,"column":7}},"12":{"start":{"line":49,"column":4},"end":{"line":53,"column":7}},"13":{"start":{"line":55,"column":4},"end":{"line":55,"column":56}},"14":{"start":{"line":56,"column":4},"end":{"line":60,"column":7}},"15":{"start":{"line":67,"column":0},"end":{"line":93,"column":2}},"16":{"start":{"line":68,"column":2},"end":{"line":92,"column":3}},"17":{"start":{"line":69,"column":21},"end":{"line":79,"column":6}},"18":{"start":{"line":81,"column":4},"end":{"line":84,"column":7}},"19":{"start":{"line":86,"column":4},"end":{"line":86,"column":55}},"20":{"start":{"line":87,"column":4},"end":{"line":91,"column":7}},"21":{"start":{"line":98,"column":0},"end":{"line":134,"column":2}},"22":{"start":{"line":99,"column":2},"end":{"line":133,"column":3}},"23":{"start":{"line":100,"column":20},"end":{"line":113,"column":6}},"24":{"start":{"line":115,"column":4},"end":{"line":120,"column":5}},"25":{"start":{"line":116,"column":6},"end":{"line":119,"column":9}},"26":{"start":{"line":122,"column":4},"end":{"line":125,"column":7}},"27":{"start":{"line":127,"column":4},"end":{"line":127,"column":54}},"28":{"start":{"line":128,"column":4},"end":{"line":132,"column":7}},"29":{"start":{"line":139,"column":0},"end":{"line":189,"column":2}},"30":{"start":{"line":140,"column":2},"end":{"line":188,"column":3}},"31":{"start":{"line":141,"column":70},"end":{"line":141,"column":78}},"32":{"start":{"line":143,"column":20},"end":{"line":143,"column":57}},"33":{"start":{"line":145,"column":4},"end":{"line":150,"column":5}},"34":{"start":{"line":146,"column":6},"end":{"line":149,"column":9}},"35":{"start":{"line":153,"column":4},"end":{"line":158,"column":5}},"36":{"start":{"line":154,"column":6},"end":{"line":157,"column":9}},"37":{"start":{"line":161,"column":32},"end":{"line":161,"column":34}},"38":{"start":{"line":162,"column":4},"end":{"line":162,"column":52}},"39":{"start":{"line":162,"column":16},"end":{"line":162,"column":52}},"40":{"start":{"line":163,"column":4},"end":{"line":163,"column":46}},"41":{"start":{"line":163,"column":14},"end":{"line":163,"column":46}},"42":{"start":{"line":164,"column":4},"end":{"line":164,"column":55}},"43":{"start":{"line":164,"column":17},"end":{"line":164,"column":55}},"44":{"start":{"line":165,"column":4},"end":{"line":165,"column":52}},"45":{"start":{"line":165,"column":16},"end":{"line":165,"column":52}},"46":{"start":{"line":166,"column":4},"end":{"line":166,"column":55}},"47":{"start":{"line":166,"column":17},"end":{"line":166,"column":55}},"48":{"start":{"line":167,"column":4},"end":{"line":167,"column":87}},"49":{"start":{"line":167,"column":37},"end":{"line":167,"column":87}},"50":{"start":{"line":169,"column":4},"end":{"line":172,"column":6}},"51":{"start":{"line":174,"column":31},"end":{"line":174,"column":68}},"52":{"start":{"line":176,"column":4},"end":{"line":180,"column":7}},"53":{"start":{"line":182,"column":4},"end":{"line":182,"column":56}},"54":{"start":{"line":183,"column":4},"end":{"line":187,"column":7}},"55":{"start":{"line":194,"column":0},"end":{"line":236,"column":2}},"56":{"start":{"line":195,"column":2},"end":{"line":235,"column":3}},"57":{"start":{"line":196,"column":20},"end":{"line":196,"column":57}},"58":{"start":{"line":198,"column":4},"end":{"line":203,"column":5}},"59":{"start":{"line":199,"column":6},"end":{"line":202,"column":9}},"60":{"start":{"line":206,"column":4},"end":{"line":211,"column":5}},"61":{"start":{"line":207,"column":6},"end":{"line":210,"column":9}},"62":{"start":{"line":213,"column":25},"end":{"line":216,"column":6}},"63":{"start":{"line":218,"column":4},"end":{"line":227,"column":7}},"64":{"start":{"line":229,"column":4},"end":{"line":229,"column":53}},"65":{"start":{"line":230,"column":4},"end":{"line":234,"column":7}},"66":{"start":{"line":238,"column":0},"end":{"line":238,"column":25}}},"fnMap":{"0":{"name":"(anonymous_0)","decl":{"start":{"line":6,"column":27},"end":{"line":6,"column":28}},"loc":{"start":{"line":6,"column":47},"end":{"line":62,"column":1}},"line":6},"1":{"name":"(anonymous_1)","decl":{"start":{"line":67,"column":33},"end":{"line":67,"column":34}},"loc":{"start":{"line":67,"column":53},"end":{"line":93,"column":1}},"line":67},"2":{"name":"(anonymous_2)","decl":{"start":{"line":98,"column":30},"end":{"line":98,"column":31}},"loc":{"start":{"line":98,"column":50},"end":{"line":134,"column":1}},"line":98},"3":{"name":"(anonymous_3)","decl":{"start":{"line":139,"column":27},"end":{"line":139,"column":28}},"loc":{"start":{"line":139,"column":47},"end":{"line":189,"column":1}},"line":139},"4":{"name":"(anonymous_4)","decl":{"start":{"line":194,"column":31},"end":{"line":194,"column":32}},"loc":{"start":{"line":194,"column":51},"end":{"line":236,"column":1}},"line":194}},"branchMap":{"0":{"loc":{"start":{"line":11,"column":4},"end":{"line":16,"column":5}},"type":"if","locations":[{"start":{"line":11,"column":4},"end":{"line":16,"column":5}},{"start":{},"end":{}}],"line":11},"1":{"loc":{"start":{"line":11,"column":8},"end":{"line":11,"column":71}},"type":"binary-expr","locations":[{"start":{"line":11,"column":8},"end":{"line":11,"column":15}},{"start":{"line":11,"column":19},"end":{"line":11,"column":24}},{"start":{"line":11,"column":28},"end":{"line":11,"column":36}},{"start":{"line":11,"column":40},"end":{"line":11,"column":48}},{"start":{"line":11,"column":52},"end":{"line":11,"column":59}},{"start":{"line":11,"column":63},"end":{"line":11,"column":71}}],"line":11},"2":{"loc":{"start":{"line":19,"column":4},"end":{"line":27,"column":5}},"type":"if","locations":[{"start":{"line":19,"column":4},"end":{"line":27,"column":5}},{"start":{},"end":{}}],"line":19},"3":{"loc":{"start":{"line":21,"column":6},"end":{"line":26,"column":7}},"type":"if","locations":[{"start":{"line":21,"column":6},"end":{"line":26,"column":7}},{"start":{},"end":{}}],"line":21},"4":{"loc":{"start":{"line":115,"column":4},"end":{"line":120,"column":5}},"type":"if","locations":[{"start":{"line":115,"column":4},"end":{"line":120,"column":5}},{"start":{},"end":{}}],"line":115},"5":{"loc":{"start":{"line":145,"column":4},"end":{"line":150,"column":5}},"type":"if","locations":[{"start":{"line":145,"column":4},"end":{"line":150,"column":5}},{"start":{},"end":{}}],"line":145},"6":{"loc":{"start":{"line":153,"column":4},"end":{"line":158,"column":5}},"type":"if","locations":[{"start":{"line":153,"column":4},"end":{"line":158,"column":5}},{"start":{},"end":{}}],"line":153},"7":{"loc":{"start":{"line":162,"column":4},"end":{"line":162,"column":52}},"type":"if","locations":[{"start":{"line":162,"column":4},"end":{"line":162,"column":52}},{"start":{},"end":{}}],"line":162},"8":{"loc":{"start":{"line":163,"column":4},"end":{"line":163,"column":46}},"type":"if","locations":[{"start":{"line":163,"column":4},"end":{"line":163,"column":46}},{"start":{},"end":{}}],"line":163},"9":{"loc":{"start":{"line":164,"column":4},"end":{"line":164,"column":55}},"type":"if","locations":[{"start":{"line":164,"column":4},"end":{"line":164,"column":55}},{"start":{},"end":{}}],"line":164},"10":{"loc":{"start":{"line":165,"column":4},"end":{"line":165,"column":52}},"type":"if","locations":[{"start":{"line":165,"column":4},"end":{"line":165,"column":52}},{"start":{},"end":{}}],"line":165},"11":{"loc":{"start":{"line":166,"column":4},"end":{"line":166,"column":55}},"type":"if","locations":[{"start":{"line":166,"column":4},"end":{"line":166,"column":55}},{"start":{},"end":{}}],"line":166},"12":{"loc":{"start":{"line":167,"column":4},"end":{"line":167,"column":87}},"type":"if","locations":[{"start":{"line":167,"column":4},"end":{"line":167,"column":87}},{"start":{},"end":{}}],"line":167},"13":{"loc":{"start":{"line":198,"column":4},"end":{"line":203,"column":5}},"type":"if","locations":[{"start":{"line":198,"column":4},"end":{"line":203,"column":5}},{"start":{},"end":{}}],"line":198},"14":{"loc":{"start":{"line":206,"column":4},"end":{"line":211,"column":5}},"type":"if","locations":[{"start":{"line":206,"column":4},"end":{"line":211,"column":5}},{"start":{},"end":{}}],"line":206}},"s":{"0":1,"1":1,"2":0,"3":0,"4":0,"5":0,"6":0,"7":0,"8":0,"9":0,"10":0,"11":0,"12":0,"13":0,"14":0,"15":1,"16":0,"17":0,"18":0,"19":0,"20":0,"21":1,"22":0,"23":0,"24":0,"25":0,"26":0,"27":0,"28":0,"29":1,"30":0,"31":0,"32":0,"33":0,"34":0,"35":0,"36":0,"37":0,"38":0,"39":0,"40":0,"41":0,"42":0,"43":0,"44":0,"45":0,"46":0,"47":0,"48":0,"49":0,"50":0,"51":0,"52":0,"53":0,"54":0,"55":1,"56":0,"57":0,"58":0,"59":0,"60":0,"61":0,"62":0,"63":0,"64":0,"65":0,"66":1},"f":{"0":0,"1":0,"2":0,"3":0,"4":0},"b":{"0":[0,0],"1":[0,0,0,0,0,0],"2":[0,0],"3":[0,0],"4":[0,0],"5":[0,0],"6":[0,0],"7":[0,0],"8":[0,0],"9":[0,0],"10":[0,0],"11":[0,0],"12":[0,0],"13":[0,0],"14":[0,0]},"_coverageSchema":"1a1c01bbd47fc00a2c39e90264f33305004495a9","hash":"86cf4ed686745607207e509ec88091701376ce17"}
,"/home/ana/Desktop/INGSII/Sistema-de-recuperacion-de-mascotas-perdidas-en-Oro-Verde/server/src/controllers/reporte.controller.js": {"path":"/home/ana/Desktop/INGSII/Sistema-de-recuperacion-de-mascotas-perdidas-en-Oro-Verde/server/src/controllers/reporte.controller.js","statementMap":{"0":{"start":{"line":1,"column":90},"end":{"line":1,"column":110}},"1":{"start":{"line":6,"column":0},"end":{"line":167,"column":2}},"2":{"start":{"line":7,"column":2},"end":{"line":166,"column":3}},"3":{"start":{"line":8,"column":76},"end":{"line":8,"column":84}},"4":{"start":{"line":11,"column":4},"end":{"line":16,"column":5}},"5":{"start":{"line":12,"column":6},"end":{"line":15,"column":9}},"6":{"start":{"line":19,"column":20},"end":{"line":27,"column":6}},"7":{"start":{"line":29,"column":4},"end":{"line":34,"column":5}},"8":{"start":{"line":30,"column":6},"end":{"line":33,"column":9}},"9":{"start":{"line":36,"column":4},"end":{"line":41,"column":5}},"10":{"start":{"line":37,"column":6},"end":{"line":40,"column":9}},"11":{"start":{"line":44,"column":25},"end":{"line":47,"column":6}},"12":{"start":{"line":49,"column":4},"end":{"line":54,"column":5}},"13":{"start":{"line":50,"column":6},"end":{"line":53,"column":9}},"14":{"start":{"line":57,"column":22},"end":{"line":62,"column":6}},"15":{"start":{"line":65,"column":20},"end":{"line":73,"column":6}},"16":{"start":{"line":76,"column":4},"end":{"line":80,"column":7}},"17":{"start":{"line":83,"column":26},"end":{"line":89,"column":18}},"18":{"start":{"line":91,"column":19},"end":{"line":96,"column":6}},"19":{"start":{"line":100,"column":20},"end":{"line":103,"column":6}},"20":{"start":{"line":106,"column":27},"end":{"line":117,"column":5}},"21":{"start":{"line":108,"column":8},"end":{"line":115,"column":10}},"22":{"start":{"line":120,"column":4},"end":{"line":120,"column":43}},"23":{"start":{"line":123,"column":28},"end":{"line":145,"column":6}},"24":{"start":{"line":147,"column":4},"end":{"line":158,"column":7}},"25":{"start":{"line":160,"column":4},"end":{"line":160,"column":63}},"26":{"start":{"line":161,"column":4},"end":{"line":165,"column":7}},"27":{"start":{"line":172,"column":0},"end":{"line":262,"column":2}},"28":{"start":{"line":173,"column":2},"end":{"line":261,"column":3}},"29":{"start":{"line":174,"column":26},"end":{"line":174,"column":34}},"30":{"start":{"line":176,"column":4},"end":{"line":181,"column":5}},"31":{"start":{"line":177,"column":6},"end":{"line":180,"column":9}},"32":{"start":{"line":184,"column":20},"end":{"line":184,"column":53}},"33":{"start":{"line":186,"column":4},"end":{"line":191,"column":5}},"34":{"start":{"line":187,"column":6},"end":{"line":190,"column":9}},"35":{"start":{"line":193,"column":4},"end":{"line":198,"column":5}},"36":{"start":{"line":194,"column":6},"end":{"line":197,"column":9}},"37":{"start":{"line":201,"column":25},"end":{"line":204,"column":6}},"38":{"start":{"line":206,"column":4},"end":{"line":211,"column":5}},"39":{"start":{"line":207,"column":6},"end":{"line":210,"column":9}},"40":{"start":{"line":214,"column":4},"end":{"line":218,"column":7}},"41":{"start":{"line":221,"column":26},"end":{"line":226,"column":6}},"42":{"start":{"line":228,"column":4},"end":{"line":241,"column":5}},"43":{"start":{"line":229,"column":6},"end":{"line":232,"column":9}},"44":{"start":{"line":235,"column":21},"end":{"line":240,"column":8}},"45":{"start":{"line":243,"column":4},"end":{"line":253,"column":7}},"46":{"start":{"line":255,"column":4},"end":{"line":255,"column":66}},"47":{"start":{"line":256,"column":4},"end":{"line":260,"column":7}},"48":{"start":{"line":267,"column":0},"end":{"line":303,"column":2}},"49":{"start":{"line":268,"column":2},"end":{"line":302,"column":3}},"50":{"start":{"line":269,"column":21},"end":{"line":289,"column":6}},"51":{"start":{"line":291,"column":4},"end":{"line":294,"column":7}},"52":{"start":{"line":296,"column":4},"end":{"line":296,"column":55}},"53":{"start":{"line":297,"column":4},"end":{"line":301,"column":7}},"54":{"start":{"line":308,"column":0},"end":{"line":367,"column":2}},"55":{"start":{"line":309,"column":2},"end":{"line":366,"column":3}},"56":{"start":{"line":310,"column":26},"end":{"line":310,"column":36}},"57":{"start":{"line":313,"column":20},"end":{"line":313,"column":53}},"58":{"start":{"line":315,"column":4},"end":{"line":320,"column":5}},"59":{"start":{"line":316,"column":6},"end":{"line":319,"column":9}},"60":{"start":{"line":322,"column":4},"end":{"line":327,"column":5}},"61":{"start":{"line":323,"column":6},"end":{"line":326,"column":9}},"62":{"start":{"line":330,"column":28},"end":{"line":339,"column":6}},"63":{"start":{"line":341,"column":4},"end":{"line":346,"column":5}},"64":{"start":{"line":342,"column":6},"end":{"line":345,"column":9}},"65":{"start":{"line":348,"column":4},"end":{"line":358,"column":7}},"66":{"start":{"line":360,"column":4},"end":{"line":360,"column":56}},"67":{"start":{"line":361,"column":4},"end":{"line":365,"column":7}},"68":{"start":{"line":369,"column":0},"end":{"line":369,"column":25}}},"fnMap":{"0":{"name":"(anonymous_0)","decl":{"start":{"line":6,"column":33},"end":{"line":6,"column":34}},"loc":{"start":{"line":6,"column":53},"end":{"line":167,"column":1}},"line":6},"1":{"name":"(anonymous_1)","decl":{"start":{"line":107,"column":18},"end":{"line":107,"column":19}},"loc":{"start":{"line":108,"column":8},"end":{"line":115,"column":10}},"line":108},"2":{"name":"(anonymous_2)","decl":{"start":{"line":172,"column":36},"end":{"line":172,"column":37}},"loc":{"start":{"line":172,"column":56},"end":{"line":262,"column":1}},"line":172},"3":{"name":"(anonymous_3)","decl":{"start":{"line":267,"column":33},"end":{"line":267,"column":34}},"loc":{"start":{"line":267,"column":53},"end":{"line":303,"column":1}},"line":267},"4":{"name":"(anonymous_4)","decl":{"start":{"line":308,"column":34},"end":{"line":308,"column":35}},"loc":{"start":{"line":308,"column":54},"end":{"line":367,"column":1}},"line":308}},"branchMap":{"0":{"loc":{"start":{"line":11,"column":4},"end":{"line":16,"column":5}},"type":"if","locations":[{"start":{"line":11,"column":4},"end":{"line":16,"column":5}},{"start":{},"end":{}}],"line":11},"1":{"loc":{"start":{"line":11,"column":8},"end":{"line":11,"column":59}},"type":"binary-expr","locations":[{"start":{"line":11,"column":8},"end":{"line":11,"column":18}},{"start":{"line":11,"column":22},"end":{"line":11,"column":30}},{"start":{"line":11,"column":34},"end":{"line":11,"column":43}},{"start":{"line":11,"column":47},"end":{"line":11,"column":59}}],"line":11},"2":{"loc":{"start":{"line":29,"column":4},"end":{"line":34,"column":5}},"type":"if","locations":[{"start":{"line":29,"column":4},"end":{"line":34,"column":5}},{"start":{},"end":{}}],"line":29},"3":{"loc":{"start":{"line":36,"column":4},"end":{"line":41,"column":5}},"type":"if","locations":[{"start":{"line":36,"column":4},"end":{"line":41,"column":5}},{"start":{},"end":{}}],"line":36},"4":{"loc":{"start":{"line":49,"column":4},"end":{"line":54,"column":5}},"type":"if","locations":[{"start":{"line":49,"column":4},"end":{"line":54,"column":5}},{"start":{},"end":{}}],"line":49},"5":{"loc":{"start":{"line":49,"column":8},"end":{"line":49,"column":57}},"type":"binary-expr","locations":[{"start":{"line":49,"column":8},"end":{"line":49,"column":20}},{"start":{"line":49,"column":24},"end":{"line":49,"column":57}}],"line":49},"6":{"loc":{"start":{"line":84,"column":16},"end":{"line":84,"column":76}},"type":"binary-expr","locations":[{"start":{"line":84,"column":16},"end":{"line":84,"column":32}},{"start":{"line":84,"column":36},"end":{"line":84,"column":76}}],"line":84},"7":{"loc":{"start":{"line":176,"column":4},"end":{"line":181,"column":5}},"type":"if","locations":[{"start":{"line":176,"column":4},"end":{"line":181,"column":5}},{"start":{},"end":{}}],"line":176},"8":{"loc":{"start":{"line":186,"column":4},"end":{"line":191,"column":5}},"type":"if","locations":[{"start":{"line":186,"column":4},"end":{"line":191,"column":5}},{"start":{},"end":{}}],"line":186},"9":{"loc":{"start":{"line":193,"column":4},"end":{"line":198,"column":5}},"type":"if","locations":[{"start":{"line":193,"column":4},"end":{"line":198,"column":5}},{"start":{},"end":{}}],"line":193},"10":{"loc":{"start":{"line":206,"column":4},"end":{"line":211,"column":5}},"type":"if","locations":[{"start":{"line":206,"column":4},"end":{"line":211,"column":5}},{"start":{},"end":{}}],"line":206},"11":{"loc":{"start":{"line":206,"column":8},"end":{"line":206,"column":60}},"type":"binary-expr","locations":[{"start":{"line":206,"column":8},"end":{"line":206,"column":20}},{"start":{"line":206,"column":24},"end":{"line":206,"column":60}}],"line":206},"12":{"loc":{"start":{"line":228,"column":4},"end":{"line":241,"column":5}},"type":"if","locations":[{"start":{"line":228,"column":4},"end":{"line":241,"column":5}},{"start":{},"end":{}}],"line":228},"13":{"loc":{"start":{"line":315,"column":4},"end":{"line":320,"column":5}},"type":"if","locations":[{"start":{"line":315,"column":4},"end":{"line":320,"column":5}},{"start":{},"end":{}}],"line":315},"14":{"loc":{"start":{"line":322,"column":4},"end":{"line":327,"column":5}},"type":"if","locations":[{"start":{"line":322,"column":4},"end":{"line":327,"column":5}},{"start":{},"end":{}}],"line":322},"15":{"loc":{"start":{"line":341,"column":4},"end":{"line":346,"column":5}},"type":"if","locations":[{"start":{"line":341,"column":4},"end":{"line":346,"column":5}},{"start":{},"end":{}}],"line":341}},"s":{"0":1,"1":1,"2":2,"3":2,"4":2,"5":1,"6":1,"7":1,"8":0,"9":1,"10":0,"11":1,"12":1,"13":0,"14":1,"15":1,"16":1,"17":1,"18":1,"19":1,"20":1,"21":10,"22":1,"23":1,"24":1,"25":0,"26":0,"27":1,"28":0,"29":0,"30":0,"31":0,"32":0,"33":0,"34":0,"35":0,"36":0,"37":0,"38":0,"39":0,"40":0,"41":0,"42":0,"43":0,"44":0,"45":0,"46":0,"47":0,"48":1,"49":0,"50":0,"51":0,"52":0,"53":0,"54":1,"55":0,"56":0,"57":0,"58":0,"59":0,"60":0,"61":0,"62":0,"63":0,"64":0,"65":0,"66":0,"67":0,"68":1},"f":{"0":2,"1":10,"2":0,"3":0,"4":0},"b":{"0":[1,1],"1":[2,2,2,1],"2":[0,1],"3":[0,1],"4":[0,1],"5":[1,1],"6":[1,0],"7":[0,0],"8":[0,0],"9":[0,0],"10":[0,0],"11":[0,0],"12":[0,0],"13":[0,0],"14":[0,0],"15":[0,0]},"_coverageSchema":"1a1c01bbd47fc00a2c39e90264f33305004495a9","hash":"aed5ec7598310b9cc401610120f78409bbe38118"}
,"/home/ana/Desktop/INGSII/Sistema-de-recuperacion-de-mascotas-perdidas-en-Oro-Verde/server/src/middleware/auth.middleware.js": {"path":"/home/ana/Desktop/INGSII/Sistema-de-recuperacion-de-mascotas-perdidas-en-Oro-Verde/server/src/middleware/auth.middleware.js","statementMap":{"0":{"start":{"line":1,"column":12},"end":{"line":1,"column":35}},"1":{"start":{"line":2,"column":13},"end":{"line":2,"column":38}},"2":{"start":{"line":5,"column":0},"end":{"line":49,"column":2}},"3":{"start":{"line":9,"column":2},"end":{"line":11,"column":3}},"4":{"start":{"line":10,"column":4},"end":{"line":10,"column":52}},"5":{"start":{"line":14,"column":2},"end":{"line":19,"column":3}},"6":{"start":{"line":15,"column":4},"end":{"line":18,"column":7}},"7":{"start":{"line":21,"column":2},"end":{"line":48,"column":3}},"8":{"start":{"line":23,"column":20},"end":{"line":23,"column":82}},"9":{"start":{"line":26,"column":4},"end":{"line":26,"column":50}},"10":{"start":{"line":28,"column":4},"end":{"line":33,"column":5}},"11":{"start":{"line":29,"column":6},"end":{"line":32,"column":9}},"12":{"start":{"line":35,"column":4},"end":{"line":40,"column":5}},"13":{"start":{"line":36,"column":6},"end":{"line":39,"column":9}},"14":{"start":{"line":42,"column":4},"end":{"line":42,"column":11}},"15":{"start":{"line":44,"column":4},"end":{"line":47,"column":7}},"16":{"start":{"line":52,"column":0},"end":{"line":62,"column":2}},"17":{"start":{"line":53,"column":2},"end":{"line":61,"column":4}},"18":{"start":{"line":54,"column":4},"end":{"line":59,"column":5}},"19":{"start":{"line":55,"column":6},"end":{"line":58,"column":9}},"20":{"start":{"line":60,"column":4},"end":{"line":60,"column":11}}},"fnMap":{"0":{"name":"(anonymous_0)","decl":{"start":{"line":5,"column":19},"end":{"line":5,"column":20}},"loc":{"start":{"line":5,"column":45},"end":{"line":49,"column":1}},"line":5},"1":{"name":"(anonymous_1)","decl":{"start":{"line":52,"column":25},"end":{"line":52,"column":26}},"loc":{"start":{"line":52,"column":39},"end":{"line":62,"column":1}},"line":52},"2":{"name":"(anonymous_2)","decl":{"start":{"line":53,"column":9},"end":{"line":53,"column":10}},"loc":{"start":{"line":53,"column":29},"end":{"line":61,"column":3}},"line":53}},"branchMap":{"0":{"loc":{"start":{"line":9,"column":2},"end":{"line":11,"column":3}},"type":"if","locations":[{"start":{"line":9,"column":2},"end":{"line":11,"column":3}},{"start":{},"end":{}}],"line":9},"1":{"loc":{"start":{"line":9,"column":6},"end":{"line":9,"column":81}},"type":"binary-expr","locations":[{"start":{"line":9,"column":6},"end":{"line":9,"column":31}},{"start":{"line":9,"column":35},"end":{"line":9,"column":81}}],"line":9},"2":{"loc":{"start":{"line":14,"column":2},"end":{"line":19,"column":3}},"type":"if","locations":[{"start":{"line":14,"column":2},"end":{"line":19,"column":3}},{"start":{},"end":{}}],"line":14},"3":{"loc":{"start":{"line":23,"column":38},"end":{"line":23,"column":81}},"type":"binary-expr","locations":[{"start":{"line":23,"column":38},"end":{"line":23,"column":60}},{"start":{"line":23,"column":64},"end":{"line":23,"column":81}}],"line":23},"4":{"loc":{"start":{"line":28,"column":4},"end":{"line":33,"column":5}},"type":"if","locations":[{"start":{"line":28,"column":4},"end":{"line":33,"column":5}},{"start":{},"end":{}}],"line":28},"5":{"loc":{"start":{"line":35,"column":4},"end":{"line":40,"column":5}},"type":"if","locations":[{"start":{"line":35,"column":4},"end":{"line":40,"column":5}},{"start":{},"end":{}}],"line":35},"6":{"loc":{"start":{"line":54,"column":4},"end":{"line":59,"column":5}},"type":"if","locations":[{"start":{"line":54,"column":4},"end":{"line":59,"column":5}},{"start":{},"end":{}}],"line":54}},"s":{"0":1,"1":1,"2":1,"3":2,"4":2,"5":2,"6":0,"7":2,"8":2,"9":2,"10":2,"11":0,"12":2,"13":0,"14":2,"15":0,"16":1,"17":6,"18":2,"19":0,"20":2},"f":{"0":2,"1":6,"2":2},"b":{"0":[2,0],"1":[2,2],"2":[0,2],"3":[2,0],"4":[0,2],"5":[0,2],"6":[0,2]},"_coverageSchema":"1a1c01bbd47fc00a2c39e90264f33305004495a9","hash":"7a291242c0861a9b7a7d5034c5467fde3a8f97f9"}
,"/home/ana/Desktop/INGSII/Sistema-de-recuperacion-de-mascotas-perdidas-en-Oro-Verde/server/src/models/Alerta.js": {"path":"/home/ana/Desktop/INGSII/Sistema-de-recuperacion-de-mascotas-perdidas-en-Oro-Verde/server/src/models/Alerta.js","statementMap":{"0":{"start":{"line":1,"column":22},"end":{"line":1,"column":42}},"1":{"start":{"line":2,"column":22},"end":{"line":2,"column":51}},"2":{"start":{"line":4,"column":15},"end":{"line":45,"column":2}},"3":{"start":{"line":47,"column":0},"end":{"line":47,"column":24}}},"fnMap":{},"branchMap":{},"s":{"0":1,"1":1,"2":1,"3":1},"f":{},"b":{},"_coverageSchema":"1a1c01bbd47fc00a2c39e90264f33305004495a9","hash":"2a6d1135288689ab9661e7f5acab967271ff048f"}
,"/home/ana/Desktop/INGSII/Sistema-de-recuperacion-de-mascotas-perdidas-en-Oro-Verde/server/src/models/EstadoMascota.js": {"path":"/home/ana/Desktop/INGSII/Sistema-de-recuperacion-de-mascotas-perdidas-en-Oro-Verde/server/src/models/EstadoMascota.js","statementMap":{"0":{"start":{"line":1,"column":22},"end":{"line":1,"column":42}},"1":{"start":{"line":2,"column":22},"end":{"line":2,"column":51}},"2":{"start":{"line":4,"column":22},"end":{"line":36,"column":2}},"3":{"start":{"line":38,"column":0},"end":{"line":38,"column":31}}},"fnMap":{},"branchMap":{},"s":{"0":1,"1":1,"2":1,"3":1},"f":{},"b":{},"_coverageSchema":"1a1c01bbd47fc00a2c39e90264f33305004495a9","hash":"51d8601f4fa796769ae9b13cb8ff838ba5893ddf"}
,"/home/ana/Desktop/INGSII/Sistema-de-recuperacion-de-mascotas-perdidas-en-Oro-Verde/server/src/models/Mascota.js": {"path":"/home/ana/Desktop/INGSII/Sistema-de-recuperacion-de-mascotas-perdidas-en-Oro-Verde/server/src/models/Mascota.js","statementMap":{"0":{"start":{"line":1,"column":22},"end":{"line":1,"column":42}},"1":{"start":{"line":2,"column":22},"end":{"line":2,"column":51}},"2":{"start":{"line":4,"column":16},"end":{"line":85,"column":2}},"3":{"start":{"line":87,"column":0},"end":{"line":87,"column":25}}},"fnMap":{},"branchMap":{},"s":{"0":1,"1":1,"2":1,"3":1},"f":{},"b":{},"_coverageSchema":"1a1c01bbd47fc00a2c39e90264f33305004495a9","hash":"e4b8daf2f39f5a93334f633444fcc7b88071198b"}
,"/home/ana/Desktop/INGSII/Sistema-de-recuperacion-de-mascotas-perdidas-en-Oro-Verde/server/src/models/Notificacion.js": {"path":"/home/ana/Desktop/INGSII/Sistema-de-recuperacion-de-mascotas-perdidas-en-Oro-Verde/server/src/models/Notificacion.js","statementMap":{"0":{"start":{"line":1,"column":22},"end":{"line":1,"column":42}},"1":{"start":{"line":2,"column":22},"end":{"line":2,"column":51}},"2":{"start":{"line":4,"column":21},"end":{"line":72,"column":2}},"3":{"start":{"line":74,"column":0},"end":{"line":74,"column":30}}},"fnMap":{},"branchMap":{},"s":{"0":1,"1":1,"2":1,"3":1},"f":{},"b":{},"_coverageSchema":"1a1c01bbd47fc00a2c39e90264f33305004495a9","hash":"fdfc34a888843f0265292d205faa98a97d7133d0"}
,"/home/ana/Desktop/INGSII/Sistema-de-recuperacion-de-mascotas-perdidas-en-Oro-Verde/server/src/models/ReporteMascota.js": {"path":"/home/ana/Desktop/INGSII/Sistema-de-recuperacion-de-mascotas-perdidas-en-Oro-Verde/server/src/models/ReporteMascota.js","statementMap":{"0":{"start":{"line":1,"column":22},"end":{"line":1,"column":42}},"1":{"start":{"line":2,"column":22},"end":{"line":2,"column":51}},"2":{"start":{"line":4,"column":23},"end":{"line":76,"column":2}},"3":{"start":{"line":78,"column":0},"end":{"line":78,"column":32}}},"fnMap":{},"branchMap":{},"s":{"0":1,"1":1,"2":1,"3":1},"f":{},"b":{},"_coverageSchema":"1a1c01bbd47fc00a2c39e90264f33305004495a9","hash":"b2a820bdf01ceaecdd7dc5e3a5f74e55a2b2fb2b"}
,"/home/ana/Desktop/INGSII/Sistema-de-recuperacion-de-mascotas-perdidas-en-Oro-Verde/server/src/models/Ubicacion.js": {"path":"/home/ana/Desktop/INGSII/Sistema-de-recuperacion-de-mascotas-perdidas-en-Oro-Verde/server/src/models/Ubicacion.js","statementMap":{"0":{"start":{"line":1,"column":22},"end":{"line":1,"column":42}},"1":{"start":{"line":2,"column":22},"end":{"line":2,"column":51}},"2":{"start":{"line":4,"column":18},"end":{"line":46,"column":2}},"3":{"start":{"line":48,"column":0},"end":{"line":48,"column":27}}},"fnMap":{},"branchMap":{},"s":{"0":1,"1":1,"2":1,"3":1},"f":{},"b":{},"_coverageSchema":"1a1c01bbd47fc00a2c39e90264f33305004495a9","hash":"696610d0406a260f2b8593d1352b13cc4989b79f"}
,"/home/ana/Desktop/INGSII/Sistema-de-recuperacion-de-mascotas-perdidas-en-Oro-Verde/server/src/models/User.js": {"path":"/home/ana/Desktop/INGSII/Sistema-de-recuperacion-de-mascotas-perdidas-en-Oro-Verde/server/src/models/User.js","statementMap":{"0":{"start":{"line":1,"column":22},"end":{"line":1,"column":42}},"1":{"start":{"line":2,"column":15},"end":{"line":2,"column":34}},"2":{"start":{"line":3,"column":22},"end":{"line":3,"column":51}},"3":{"start":{"line":5,"column":13},"end":{"line":104,"column":2}},"4":{"start":{"line":91,"column":6},"end":{"line":94,"column":7}},"5":{"start":{"line":92,"column":21},"end":{"line":92,"column":45}},"6":{"start":{"line":93,"column":8},"end":{"line":93,"column":63}},"7":{"start":{"line":98,"column":6},"end":{"line":101,"column":7}},"8":{"start":{"line":99,"column":21},"end":{"line":99,"column":45}},"9":{"start":{"line":100,"column":8},"end":{"line":100,"column":63}},"10":{"start":{"line":107,"column":0},"end":{"line":109,"column":2}},"11":{"start":{"line":108,"column":2},"end":{"line":108,"column":64}},"12":{"start":{"line":112,"column":0},"end":{"line":116,"column":2}},"13":{"start":{"line":113,"column":17},"end":{"line":113,"column":34}},"14":{"start":{"line":114,"column":2},"end":{"line":114,"column":25}},"15":{"start":{"line":115,"column":2},"end":{"line":115,"column":16}},"16":{"start":{"line":118,"column":0},"end":{"line":118,"column":22}}},"fnMap":{"0":{"name":"(anonymous_0)","decl":{"start":{"line":90,"column":18},"end":{"line":90,"column":19}},"loc":{"start":{"line":90,"column":34},"end":{"line":95,"column":5}},"line":90},"1":{"name":"(anonymous_1)","decl":{"start":{"line":97,"column":18},"end":{"line":97,"column":19}},"loc":{"start":{"line":97,"column":34},"end":{"line":102,"column":5}},"line":97},"2":{"name":"(anonymous_2)","decl":{"start":{"line":107,"column":34},"end":{"line":107,"column":35}},"loc":{"start":{"line":107,"column":68},"end":{"line":109,"column":1}},"line":107},"3":{"name":"(anonymous_3)","decl":{"start":{"line":112,"column":24},"end":{"line":112,"column":25}},"loc":{"start":{"line":112,"column":35},"end":{"line":116,"column":1}},"line":112}},"branchMap":{"0":{"loc":{"start":{"line":91,"column":6},"end":{"line":94,"column":7}},"type":"if","locations":[{"start":{"line":91,"column":6},"end":{"line":94,"column":7}},{"start":{},"end":{}}],"line":91},"1":{"loc":{"start":{"line":98,"column":6},"end":{"line":101,"column":7}},"type":"if","locations":[{"start":{"line":98,"column":6},"end":{"line":101,"column":7}},{"start":{},"end":{}}],"line":98}},"s":{"0":1,"1":1,"2":1,"3":1,"4":2,"5":2,"6":2,"7":0,"8":0,"9":0,"10":1,"11":1,"12":1,"13":0,"14":0,"15":0,"16":1},"f":{"0":2,"1":0,"2":1,"3":0},"b":{"0":[2,0],"1":[0,0]},"_coverageSchema":"1a1c01bbd47fc00a2c39e90264f33305004495a9","hash":"ec9e33dfe88ecc6d7232f8e1179ef9334fc5e1e6"}
,"/home/ana/Desktop/INGSII/Sistema-de-recuperacion-de-mascotas-perdidas-en-Oro-Verde/server/src/models/index.js": {"path":"/home/ana/Desktop/INGSII/Sistema-de-recuperacion-de-mascotas-perdidas-en-Oro-Verde/server/src/models/index.js","statementMap":{"0":{"start":{"line":1,"column":22},"end":{"line":1,"column":51}},"1":{"start":{"line":2,"column":13},"end":{"line":2,"column":30}},"2":{"start":{"line":3,"column":16},"end":{"line":3,"column":36}},"3":{"start":{"line":4,"column":18},"end":{"line":4,"column":40}},"4":{"start":{"line":5,"column":23},"end":{"line":5,"column":50}},"5":{"start":{"line":6,"column":22},"end":{"line":6,"column":48}},"6":{"start":{"line":7,"column":15},"end":{"line":7,"column":34}},"7":{"start":{"line":8,"column":21},"end":{"line":8,"column":46}},"8":{"start":{"line":13,"column":0},"end":{"line":16,"column":3}},"9":{"start":{"line":17,"column":0},"end":{"line":20,"column":3}},"10":{"start":{"line":23,"column":0},"end":{"line":26,"column":3}},"11":{"start":{"line":27,"column":0},"end":{"line":30,"column":3}},"12":{"start":{"line":33,"column":0},"end":{"line":36,"column":3}},"13":{"start":{"line":37,"column":0},"end":{"line":40,"column":3}},"14":{"start":{"line":43,"column":0},"end":{"line":46,"column":3}},"15":{"start":{"line":47,"column":0},"end":{"line":50,"column":3}},"16":{"start":{"line":53,"column":0},"end":{"line":56,"column":3}},"17":{"start":{"line":57,"column":0},"end":{"line":60,"column":3}},"18":{"start":{"line":63,"column":0},"end":{"line":66,"column":3}},"19":{"start":{"line":67,"column":0},"end":{"line":70,"column":3}},"20":{"start":{"line":73,"column":0},"end":{"line":76,"column":3}},"21":{"start":{"line":77,"column":0},"end":{"line":80,"column":3}},"22":{"start":{"line":83,"column":0},"end":{"line":86,"column":3}},"23":{"start":{"line":87,"column":0},"end":{"line":90,"column":3}},"24":{"start":{"line":92,"column":0},"end":{"line":101,"column":2}}},"fnMap":{},"branchMap":{},"s":{"0":1,"1":1,"2":1,"3":1,"4":1,"5":1,"6":1,"7":1,"8":1,"9":1,"10":1,"11":1,"12":1,"13":1,"14":1,"15":1,"16":1,"17":1,"18":1,"19":1,"20":1,"21":1,"22":1,"23":1,"24":1},"f":{},"b":{},"_coverageSchema":"1a1c01bbd47fc00a2c39e90264f33305004495a9","hash":"d7618c05a99de52f6d120190de31033c2111f82f"}
,"/home/ana/Desktop/INGSII/Sistema-de-recuperacion-de-mascotas-perdidas-en-Oro-Verde/server/src/routes/auth.routes.js": {"path":"/home/ana/Desktop/INGSII/Sistema-de-recuperacion-de-mascotas-perdidas-en-Oro-Verde/server/src/routes/auth.routes.js","statementMap":{"0":{"start":{"line":1,"column":16},"end":{"line":1,"column":34}},"1":{"start":{"line":2,"column":15},"end":{"line":2,"column":31}},"2":{"start":{"line":8,"column":4},"end":{"line":8,"column":45}},"3":{"start":{"line":9,"column":21},"end":{"line":9,"column":61}},"4":{"start":{"line":12,"column":0},"end":{"line":12,"column":43}},"5":{"start":{"line":13,"column":0},"end":{"line":13,"column":37}},"6":{"start":{"line":16,"column":0},"end":{"line":16,"column":50}},"7":{"start":{"line":17,"column":0},"end":{"line":17,"column":49}},"8":{"start":{"line":19,"column":0},"end":{"line":19,"column":24}}},"fnMap":{},"branchMap":{},"s":{"0":1,"1":1,"2":1,"3":1,"4":1,"5":1,"6":1,"7":1,"8":1},"f":{},"b":{},"_coverageSchema":"1a1c01bbd47fc00a2c39e90264f33305004495a9","hash":"9cc33eae2d8289e4e108f5d8996d4a2263fc5e7c"}
,"/home/ana/Desktop/INGSII/Sistema-de-recuperacion-de-mascotas-perdidas-en-Oro-Verde/server/src/routes/geolocalizacion.routes.js": {"path":"/home/ana/Desktop/INGSII/Sistema-de-recuperacion-de-mascotas-perdidas-en-Oro-Verde/server/src/routes/geolocalizacion.routes.js","statementMap":{"0":{"start":{"line":1,"column":16},"end":{"line":1,"column":34}},"1":{"start":{"line":2,"column":15},"end":{"line":2,"column":31}},"2":{"start":{"line":10,"column":4},"end":{"line":10,"column":56}},"3":{"start":{"line":13,"column":0},"end":{"line":13,"column":46}},"4":{"start":{"line":14,"column":0},"end":{"line":14,"column":67}},"5":{"start":{"line":15,"column":0},"end":{"line":15,"column":52}},"6":{"start":{"line":16,"column":0},"end":{"line":16,"column":54}},"7":{"start":{"line":17,"column":0},"end":{"line":17,"column":58}},"8":{"start":{"line":18,"column":0},"end":{"line":18,"column":39}},"9":{"start":{"line":20,"column":0},"end":{"line":20,"column":24}}},"fnMap":{},"branchMap":{},"s":{"0":1,"1":1,"2":1,"3":1,"4":1,"5":1,"6":1,"7":1,"8":1,"9":1},"f":{},"b":{},"_coverageSchema":"1a1c01bbd47fc00a2c39e90264f33305004495a9","hash":"f295be064599e56e3a756c11c5d577bf54359494"}
,"/home/ana/Desktop/INGSII/Sistema-de-recuperacion-de-mascotas-perdidas-en-Oro-Verde/server/src/routes/mascota.routes.js": {"path":"/home/ana/Desktop/INGSII/Sistema-de-recuperacion-de-mascotas-perdidas-en-Oro-Verde/server/src/routes/mascota.routes.js","statementMap":{"0":{"start":{"line":1,"column":16},"end":{"line":1,"column":34}},"1":{"start":{"line":2,"column":15},"end":{"line":2,"column":31}},"2":{"start":{"line":9,"column":4},"end":{"line":9,"column":48}},"3":{"start":{"line":10,"column":37},"end":{"line":10,"column":77}},"4":{"start":{"line":13,"column":0},"end":{"line":13,"column":21}},"5":{"start":{"line":16,"column":0},"end":{"line":16,"column":60}},"6":{"start":{"line":17,"column":0},"end":{"line":17,"column":40}},"7":{"start":{"line":18,"column":0},"end":{"line":18,"column":40}},"8":{"start":{"line":19,"column":0},"end":{"line":19,"column":62}},"9":{"start":{"line":20,"column":0},"end":{"line":20,"column":73}},"10":{"start":{"line":22,"column":0},"end":{"line":22,"column":24}}},"fnMap":{},"branchMap":{},"s":{"0":1,"1":1,"2":1,"3":1,"4":1,"5":1,"6":1,"7":1,"8":1,"9":1,"10":1},"f":{},"b":{},"_coverageSchema":"1a1c01bbd47fc00a2c39e90264f33305004495a9","hash":"b20e33cac4eb59284498eaee5a2e69eedc6cbe76"}
,"/home/ana/Desktop/INGSII/Sistema-de-recuperacion-de-mascotas-perdidas-en-Oro-Verde/server/src/routes/reporte.routes.js": {"path":"/home/ana/Desktop/INGSII/Sistema-de-recuperacion-de-mascotas-perdidas-en-Oro-Verde/server/src/routes/reporte.routes.js","statementMap":{"0":{"start":{"line":1,"column":16},"end":{"line":1,"column":34}},"1":{"start":{"line":2,"column":15},"end":{"line":2,"column":31}},"2":{"start":{"line":8,"column":4},"end":{"line":8,"column":48}},"3":{"start":{"line":9,"column":37},"end":{"line":9,"column":77}},"4":{"start":{"line":12,"column":0},"end":{"line":12,"column":47}},"5":{"start":{"line":15,"column":0},"end":{"line":15,"column":83}},"6":{"start":{"line":16,"column":0},"end":{"line":16,"column":89}},"7":{"start":{"line":17,"column":0},"end":{"line":17,"column":104}},"8":{"start":{"line":19,"column":0},"end":{"line":19,"column":24}}},"fnMap":{},"branchMap":{},"s":{"0":1,"1":1,"2":1,"3":1,"4":1,"5":1,"6":1,"7":1,"8":1},"f":{},"b":{},"_coverageSchema":"1a1c01bbd47fc00a2c39e90264f33305004495a9","hash":"31e916a7442f6f1514d6e06128f99d1bbc89703f"}
,"/home/ana/Desktop/INGSII/Sistema-de-recuperacion-de-mascotas-perdidas-en-Oro-Verde/server/src/services/geolocalizacion.service.js": {"path":"/home/ana/Desktop/INGSII/Sistema-de-recuperacion-de-mascotas-perdidas-en-Oro-Verde/server/src/services/geolocalizacion.service.js","statementMap":{"0":{"start":{"line":2,"column":14},"end":{"line":2,"column":30}},"1":{"start":{"line":4,"column":21},"end":{"line":4,"column":91}},"2":{"start":{"line":12,"column":27},"end":{"line":23,"column":1}},"3":{"start":{"line":13,"column":2},"end":{"line":22,"column":3}},"4":{"start":{"line":14,"column":21},"end":{"line":17,"column":6}},"5":{"start":{"line":19,"column":4},"end":{"line":19,"column":20}},"6":{"start":{"line":21,"column":4},"end":{"line":21,"column":96}},"7":{"start":{"line":28,"column":25},"end":{"line":39,"column":1}},"8":{"start":{"line":29,"column":2},"end":{"line":38,"column":3}},"9":{"start":{"line":30,"column":21},"end":{"line":33,"column":6}},"10":{"start":{"line":35,"column":4},"end":{"line":35,"column":25}},"11":{"start":{"line":37,"column":4},"end":{"line":37,"column":50}},"12":{"start":{"line":44,"column":26},"end":{"line":57,"column":1}},"13":{"start":{"line":45,"column":2},"end":{"line":56,"column":3}},"14":{"start":{"line":46,"column":21},"end":{"line":51,"column":6}},"15":{"start":{"line":53,"column":4},"end":{"line":53,"column":25}},"16":{"start":{"line":55,"column":4},"end":{"line":55,"column":51}},"17":{"start":{"line":59,"column":19},"end":{"line":63,"column":1}},"18":{"start":{"line":65,"column":0},"end":{"line":65,"column":28}}},"fnMap":{"0":{"name":"(anonymous_0)","decl":{"start":{"line":12,"column":27},"end":{"line":12,"column":28}},"loc":{"start":{"line":12,"column":56},"end":{"line":23,"column":1}},"line":12},"1":{"name":"(anonymous_1)","decl":{"start":{"line":28,"column":25},"end":{"line":28,"column":26}},"loc":{"start":{"line":28,"column":54},"end":{"line":39,"column":1}},"line":28},"2":{"name":"(anonymous_2)","decl":{"start":{"line":44,"column":26},"end":{"line":44,"column":27}},"loc":{"start":{"line":44,"column":60},"end":{"line":57,"column":1}},"line":44}},"branchMap":{"0":{"loc":{"start":{"line":4,"column":21},"end":{"line":4,"column":91}},"type":"binary-expr","locations":[{"start":{"line":4,"column":21},"end":{"line":4,"column":44}},{"start":{"line":4,"column":48},"end":{"line":4,"column":91}}],"line":4},"1":{"loc":{"start":{"line":21,"column":20},"end":{"line":21,"column":94}},"type":"binary-expr","locations":[{"start":{"line":21,"column":20},"end":{"line":21,"column":49}},{"start":{"line":21,"column":53},"end":{"line":21,"column":66}},{"start":{"line":21,"column":70},"end":{"line":21,"column":94}}],"line":21}},"s":{"0":2,"1":2,"2":2,"3":2,"4":2,"5":1,"6":1,"7":2,"8":0,"9":0,"10":0,"11":0,"12":2,"13":0,"14":0,"15":0,"16":0,"17":2,"18":2},"f":{"0":2,"1":0,"2":0},"b":{"0":[2,2],"1":[1,1,0]},"_coverageSchema":"1a1c01bbd47fc00a2c39e90264f33305004495a9","hash":"491a8e0167f9006dcec2b606e65cc73829b9ade3"}
}
