TN:
SF:src/index.js
FN:17,(anonymous_0)
FN:44,(anonymous_1)
FNF:2
FNH:0
FNDA:0,(anonymous_0)
FNDA:0,(anonymous_1)
DA:1,1
DA:2,1
DA:3,1
DA:4,1
DA:6,1
DA:9,1
DA:12,1
DA:13,1
DA:14,1
DA:17,1
DA:18,0
DA:25,1
DA:26,1
DA:29,1
DA:30,1
DA:33,1
DA:34,1
DA:37,1
DA:38,1
DA:40,1
DA:43,1
DA:44,0
DA:45,0
DA:49,1
LF:24
LH:21
BRDA:40,0,0,1
BRDA:40,0,1,0
BRDA:43,1,0,0
BRDA:43,1,1,1
BRF:4
BRH:2
end_of_record
TN:
SF:src/config/database.js
FN:27,(anonymous_0)
FNF:1
FNH:1
FNDA:1,(anonymous_0)
DA:1,1
DA:3,1
DA:27,1
DA:28,1
DA:29,1
DA:30,1
DA:33,1
DA:34,0
DA:35,0
DA:38,0
DA:39,0
DA:43,1
LF:12
LH:8
BRDA:4,0,0,1
BRDA:4,0,1,0
BRDA:5,1,0,1
BRDA:5,1,1,0
BRDA:6,2,0,1
BRDA:6,2,1,0
BRDA:8,3,0,1
BRDA:8,3,1,0
BRDA:9,4,0,1
BRDA:9,4,1,0
BRDA:11,5,0,0
BRDA:11,5,1,1
BRDA:33,6,0,0
BRDA:33,6,1,1
BRF:14
BRH:7
end_of_record
TN:
SF:src/controllers/auth.controller.js
FN:5,(anonymous_0)
FN:14,(anonymous_1)
FN:78,(anonymous_2)
FN:150,(anonymous_3)
FN:171,(anonymous_4)
FNF:5
FNH:2
FNDA:1,(anonymous_0)
FNDA:0,(anonymous_1)
FNDA:1,(anonymous_2)
FNDA:0,(anonymous_3)
FNDA:0,(anonymous_4)
DA:1,1
DA:2,1
DA:5,1
DA:6,1
DA:14,1
DA:15,0
DA:16,0
DA:19,0
DA:20,0
DA:27,0
DA:28,0
DA:29,0
DA:36,0
DA:47,0
DA:49,0
DA:66,0
DA:67,0
DA:78,1
DA:79,1
DA:80,1
DA:83,1
DA:84,0
DA:91,1
DA:93,1
DA:94,0
DA:101,1
DA:103,1
DA:104,0
DA:111,1
DA:112,0
DA:119,1
DA:121,1
DA:138,0
DA:139,0
DA:150,1
DA:151,0
DA:152,0
DA:154,0
DA:159,0
DA:160,0
DA:171,1
DA:172,0
DA:173,0
DA:175,0
DA:176,0
DA:177,0
DA:178,0
DA:179,0
DA:180,0
DA:181,0
DA:184,0
DA:192,0
DA:194,0
DA:200,0
DA:201,0
LF:55
LH:18
BRDA:6,0,0,1
BRDA:6,0,1,0
BRDA:7,1,0,1
BRDA:7,1,1,0
BRDA:19,2,0,0
BRDA:19,2,1,0
BRDA:19,3,0,0
BRDA:19,3,1,0
BRDA:19,3,2,0
BRDA:19,3,3,0
BRDA:19,3,4,0
BRDA:28,4,0,0
BRDA:28,4,1,0
BRDA:43,5,0,0
BRDA:43,5,1,0
BRDA:83,6,0,0
BRDA:83,6,1,1
BRDA:83,7,0,1
BRDA:83,7,1,1
BRDA:93,8,0,0
BRDA:93,8,1,1
BRDA:103,9,0,0
BRDA:103,9,1,1
BRDA:111,10,0,0
BRDA:111,10,1,1
BRDA:176,11,0,0
BRDA:176,11,1,0
BRDA:177,12,0,0
BRDA:177,12,1,0
BRDA:178,13,0,0
BRDA:178,13,1,0
BRDA:179,14,0,0
BRDA:179,14,1,0
BRDA:180,15,0,0
BRDA:180,15,1,0
BRF:35
BRH:8
end_of_record
TN:
SF:src/controllers/geolocalizacion.controller.js
FN:7,(anonymous_0)
FN:57,(anonymous_1)
FN:112,(anonymous_2)
FN:143,(anonymous_3)
FN:181,(anonymous_4)
FN:211,(anonymous_5)
FN:225,(anonymous_6)
FN:226,(anonymous_7)
FN:237,(anonymous_8)
FN:275,(anonymous_9)
FNF:10
FNH:0
FNDA:0,(anonymous_0)
FNDA:0,(anonymous_1)
FNDA:0,(anonymous_2)
FNDA:0,(anonymous_3)
FNDA:0,(anonymous_4)
FNDA:0,(anonymous_5)
FNDA:0,(anonymous_6)
FNDA:0,(anonymous_7)
FNDA:0,(anonymous_8)
FNDA:0,(anonymous_9)
DA:1,1
DA:2,1
DA:7,1
DA:8,0
DA:9,0
DA:12,0
DA:13,0
DA:19,0
DA:20,0
DA:26,0
DA:27,0
DA:34,0
DA:39,0
DA:45,0
DA:46,0
DA:57,1
DA:58,0
DA:59,0
DA:61,0
DA:63,0
DA:64,0
DA:71,0
DA:73,0
DA:74,0
DA:79,0
DA:80,0
DA:83,0
DA:89,0
DA:100,0
DA:101,0
DA:112,1
DA:113,0
DA:114,0
DA:116,0
DA:117,0
DA:123,0
DA:125,0
DA:131,0
DA:132,0
DA:143,1
DA:144,0
DA:145,0
DA:147,0
DA:148,0
DA:154,0
DA:161,0
DA:169,0
DA:170,0
DA:181,1
DA:182,0
DA:183,0
DA:185,0
DA:186,0
DA:193,0
DA:210,0
DA:212,0
DA:219,0
DA:225,0
DA:226,0
DA:228,0
DA:237,0
DA:263,0
DA:264,0
DA:275,1
DA:276,0
DA:277,0
DA:279,0
DA:284,0
DA:285,0
DA:293,1
LF:70
LH:9
BRDA:12,0,0,0
BRDA:12,0,1,0
BRDA:12,1,0,0
BRDA:12,1,1,0
BRDA:19,2,0,0
BRDA:19,2,1,0
BRDA:19,3,0,0
BRDA:19,3,1,0
BRDA:26,4,0,0
BRDA:26,4,1,0
BRDA:26,5,0,0
BRDA:26,5,1,0
BRDA:63,6,0,0
BRDA:63,6,1,0
BRDA:73,7,0,0
BRDA:73,7,1,0
BRDA:73,8,0,0
BRDA:73,8,1,0
BRDA:79,9,0,0
BRDA:79,9,1,0
BRDA:116,10,0,0
BRDA:116,10,1,0
BRDA:127,11,0,0
BRDA:127,11,1,0
BRDA:147,12,0,0
BRDA:147,12,1,0
BRDA:147,13,0,0
BRDA:147,13,1,0
BRDA:147,13,2,0
BRDA:147,13,3,0
BRDA:183,14,0,0
BRDA:185,15,0,0
BRDA:185,15,1,0
BRDA:185,16,0,0
BRDA:185,16,1,0
BRF:35
BRH:0
end_of_record
TN:
SF:src/controllers/mascota.controller.js
FN:6,(anonymous_0)
FN:67,(anonymous_1)
FN:98,(anonymous_2)
FN:139,(anonymous_3)
FN:194,(anonymous_4)
FNF:5
FNH:0
FNDA:0,(anonymous_0)
FNDA:0,(anonymous_1)
FNDA:0,(anonymous_2)
FNDA:0,(anonymous_3)
FNDA:0,(anonymous_4)
DA:1,1
DA:6,1
DA:7,0
DA:8,0
DA:11,0
DA:12,0
DA:19,0
DA:20,0
DA:21,0
DA:22,0
DA:30,0
DA:43,0
DA:49,0
DA:55,0
DA:56,0
DA:67,1
DA:68,0
DA:69,0
DA:81,0
DA:86,0
DA:87,0
DA:98,1
DA:99,0
DA:100,0
DA:115,0
DA:116,0
DA:122,0
DA:127,0
DA:128,0
DA:139,1
DA:140,0
DA:141,0
DA:143,0
DA:145,0
DA:146,0
DA:153,0
DA:154,0
DA:161,0
DA:162,0
DA:163,0
DA:164,0
DA:165,0
DA:166,0
DA:167,0
DA:169,0
DA:174,0
DA:176,0
DA:182,0
DA:183,0
DA:194,1
DA:195,0
DA:196,0
DA:198,0
DA:199,0
DA:206,0
DA:207,0
DA:213,0
DA:218,0
DA:229,0
DA:230,0
DA:238,1
LF:61
LH:7
BRDA:11,0,0,0
BRDA:11,0,1,0
BRDA:11,1,0,0
BRDA:11,1,1,0
BRDA:11,1,2,0
BRDA:11,1,3,0
BRDA:11,1,4,0
BRDA:11,1,5,0
BRDA:19,2,0,0
BRDA:19,2,1,0
BRDA:21,3,0,0
BRDA:21,3,1,0
BRDA:115,4,0,0
BRDA:115,4,1,0
BRDA:145,5,0,0
BRDA:145,5,1,0
BRDA:153,6,0,0
BRDA:153,6,1,0
BRDA:162,7,0,0
BRDA:162,7,1,0
BRDA:163,8,0,0
BRDA:163,8,1,0
BRDA:164,9,0,0
BRDA:164,9,1,0
BRDA:165,10,0,0
BRDA:165,10,1,0
BRDA:166,11,0,0
BRDA:166,11,1,0
BRDA:167,12,0,0
BRDA:167,12,1,0
BRDA:198,13,0,0
BRDA:198,13,1,0
BRDA:206,14,0,0
BRDA:206,14,1,0
BRF:34
BRH:0
end_of_record
TN:
SF:src/controllers/reporte.controller.js
FN:6,(anonymous_0)
FN:107,(anonymous_1)
FN:172,(anonymous_2)
FN:267,(anonymous_3)
FN:308,(anonymous_4)
FNF:5
FNH:2
FNDA:2,(anonymous_0)
FNDA:10,(anonymous_1)
FNDA:0,(anonymous_2)
FNDA:0,(anonymous_3)
FNDA:0,(anonymous_4)
DA:1,1
DA:6,1
DA:7,2
DA:8,2
DA:11,2
DA:12,1
DA:19,1
DA:29,1
DA:30,0
DA:36,1
DA:37,0
DA:44,1
DA:49,1
DA:50,0
DA:57,1
DA:65,1
DA:76,1
DA:83,1
DA:91,1
DA:100,1
DA:106,1
DA:108,10
DA:120,1
DA:123,1
DA:147,1
DA:160,0
DA:161,0
DA:172,1
DA:173,0
DA:174,0
DA:176,0
DA:177,0
DA:184,0
DA:186,0
DA:187,0
DA:193,0
DA:194,0
DA:201,0
DA:206,0
DA:207,0
DA:214,0
DA:221,0
DA:228,0
DA:229,0
DA:235,0
DA:243,0
DA:255,0
DA:256,0
DA:267,1
DA:268,0
DA:269,0
DA:291,0
DA:296,0
DA:297,0
DA:308,1
DA:309,0
DA:310,0
DA:313,0
DA:315,0
DA:316,0
DA:322,0
DA:323,0
DA:330,0
DA:341,0
DA:342,0
DA:348,0
DA:360,0
DA:361,0
DA:369,1
LF:69
LH:26
BRDA:11,0,0,1
BRDA:11,0,1,1
BRDA:11,1,0,2
BRDA:11,1,1,2
BRDA:11,1,2,2
BRDA:11,1,3,1
BRDA:29,2,0,0
BRDA:29,2,1,1
BRDA:36,3,0,0
BRDA:36,3,1,1
BRDA:49,4,0,0
BRDA:49,4,1,1
BRDA:49,5,0,1
BRDA:49,5,1,1
BRDA:84,6,0,1
BRDA:84,6,1,0
BRDA:176,7,0,0
BRDA:176,7,1,0
BRDA:186,8,0,0
BRDA:186,8,1,0
BRDA:193,9,0,0
BRDA:193,9,1,0
BRDA:206,10,0,0
BRDA:206,10,1,0
BRDA:206,11,0,0
BRDA:206,11,1,0
BRDA:228,12,0,0
BRDA:228,12,1,0
BRDA:315,13,0,0
BRDA:315,13,1,0
BRDA:322,14,0,0
BRDA:322,14,1,0
BRDA:341,15,0,0
BRDA:341,15,1,0
BRF:34
BRH:12
end_of_record
TN:
SF:src/middleware/auth.middleware.js
FN:5,(anonymous_0)
FN:52,(anonymous_1)
FN:53,(anonymous_2)
FNF:3
FNH:3
FNDA:2,(anonymous_0)
FNDA:6,(anonymous_1)
FNDA:2,(anonymous_2)
DA:1,1
DA:2,1
DA:5,1
DA:9,2
DA:10,2
DA:14,2
DA:15,0
DA:21,2
DA:23,2
DA:26,2
DA:28,2
DA:29,0
DA:35,2
DA:36,0
DA:42,2
DA:44,0
DA:52,1
DA:53,6
DA:54,2
DA:55,0
DA:60,2
LF:21
LH:16
BRDA:9,0,0,2
BRDA:9,0,1,0
BRDA:9,1,0,2
BRDA:9,1,1,2
BRDA:14,2,0,0
BRDA:14,2,1,2
BRDA:23,3,0,2
BRDA:23,3,1,0
BRDA:28,4,0,0
BRDA:28,4,1,2
BRDA:35,5,0,0
BRDA:35,5,1,2
BRDA:54,6,0,0
BRDA:54,6,1,2
BRF:14
BRH:8
end_of_record
TN:
SF:src/models/Alerta.js
FNF:0
FNH:0
DA:1,1
DA:2,1
DA:4,1
DA:47,1
LF:4
LH:4
BRF:0
BRH:0
end_of_record
TN:
SF:src/models/EstadoMascota.js
FNF:0
FNH:0
DA:1,1
DA:2,1
DA:4,1
DA:38,1
LF:4
LH:4
BRF:0
BRH:0
end_of_record
TN:
SF:src/models/Mascota.js
FNF:0
FNH:0
DA:1,1
DA:2,1
DA:4,1
DA:87,1
LF:4
LH:4
BRF:0
BRH:0
end_of_record
TN:
SF:src/models/Notificacion.js
FNF:0
FNH:0
DA:1,1
DA:2,1
DA:4,1
DA:74,1
LF:4
LH:4
BRF:0
BRH:0
end_of_record
TN:
SF:src/models/ReporteMascota.js
FNF:0
FNH:0
DA:1,1
DA:2,1
DA:4,1
DA:78,1
LF:4
LH:4
BRF:0
BRH:0
end_of_record
TN:
SF:src/models/Ubicacion.js
FNF:0
FNH:0
DA:1,1
DA:2,1
DA:4,1
DA:48,1
LF:4
LH:4
BRF:0
BRH:0
end_of_record
TN:
SF:src/models/User.js
FN:90,(anonymous_0)
FN:97,(anonymous_1)
FN:107,(anonymous_2)
FN:112,(anonymous_3)
FNF:4
FNH:2
FNDA:2,(anonymous_0)
FNDA:0,(anonymous_1)
FNDA:1,(anonymous_2)
FNDA:0,(anonymous_3)
DA:1,1
DA:2,1
DA:3,1
DA:5,1
DA:91,2
DA:92,2
DA:93,2
DA:98,0
DA:99,0
DA:100,0
DA:107,1
DA:108,1
DA:112,1
DA:113,0
DA:114,0
DA:115,0
DA:118,1
LF:17
LH:11
BRDA:91,0,0,2
BRDA:91,0,1,0
BRDA:98,1,0,0
BRDA:98,1,1,0
BRF:4
BRH:1
end_of_record
TN:
SF:src/models/index.js
FNF:0
FNH:0
DA:1,1
DA:2,1
DA:3,1
DA:4,1
DA:5,1
DA:6,1
DA:7,1
DA:8,1
DA:13,1
DA:17,1
DA:23,1
DA:27,1
DA:33,1
DA:37,1
DA:43,1
DA:47,1
DA:53,1
DA:57,1
DA:63,1
DA:67,1
DA:73,1
DA:77,1
DA:83,1
DA:87,1
DA:92,1
LF:25
LH:25
BRF:0
BRH:0
end_of_record
TN:
SF:src/routes/auth.routes.js
FNF:0
FNH:0
DA:1,1
DA:2,1
DA:8,1
DA:9,1
DA:12,1
DA:13,1
DA:16,1
DA:17,1
DA:19,1
LF:9
LH:9
BRF:0
BRH:0
end_of_record
TN:
SF:src/routes/geolocalizacion.routes.js
FNF:0
FNH:0
DA:1,1
DA:2,1
DA:10,1
DA:13,1
DA:14,1
DA:15,1
DA:16,1
DA:17,1
DA:18,1
DA:20,1
LF:10
LH:10
BRF:0
BRH:0
end_of_record
TN:
SF:src/routes/mascota.routes.js
FNF:0
FNH:0
DA:1,1
DA:2,1
DA:9,1
DA:10,1
DA:13,1
DA:16,1
DA:17,1
DA:18,1
DA:19,1
DA:20,1
DA:22,1
LF:11
LH:11
BRF:0
BRH:0
end_of_record
TN:
SF:src/routes/reporte.routes.js
FNF:0
FNH:0
DA:1,1
DA:2,1
DA:8,1
DA:9,1
DA:12,1
DA:15,1
DA:16,1
DA:17,1
DA:19,1
LF:9
LH:9
BRF:0
BRH:0
end_of_record
TN:
SF:src/services/geolocalizacion.service.js
FN:12,(anonymous_0)
FN:28,(anonymous_1)
FN:44,(anonymous_2)
FNF:3
FNH:1
FNDA:2,(anonymous_0)
FNDA:0,(anonymous_1)
FNDA:0,(anonymous_2)
DA:2,2
DA:4,2
DA:12,2
DA:13,2
DA:14,2
DA:19,1
DA:21,1
DA:28,2
DA:29,0
DA:30,0
DA:35,0
DA:37,0
DA:44,2
DA:45,0
DA:46,0
DA:53,0
DA:55,0
DA:59,2
DA:65,2
LF:19
LH:11
BRDA:4,0,0,2
BRDA:4,0,1,2
BRDA:21,1,0,1
BRDA:21,1,1,1
BRDA:21,1,2,0
BRF:5
BRH:4
end_of_record
